#
# A fatal error has been detected by the Java Runtime Environment:
#
#  SIGSEGV (0xb) at pc=0x00007f98e0000730, pid=4366, tid=4367
#
# JRE version: OpenJDK Runtime Environment (17.0.11+9) (build 17.0.11+9)
# Java VM: OpenJDK 64-Bit Server VM (17.0.11+9, mixed mode, sharing, tiered, compressed oops, compressed class ptrs, g1 gc, linux-amd64)
# Problematic frame:
# C  0x00007f98e0000730
#
# Core dump will be written. Default location: Core dumps may be processed with "/usr/lib/systemd/systemd-coredump %P %u %g %s %t %c %h" (or dumping to /home/paul/pro/yutak/core.4366)
#
# If you would like to submit a bug report, please visit:
#   https://bugreport.java.com/bugreport/crash.jsp
# The crash happened outside the Java Virtual Machine in native code.
# See problematic frame for where to report the bug.
#

---------------  S U M M A R Y ------------

Command Line: -agentlib:jdwp=transport=dt_socket,address=127.0.0.1:57495,suspend=y,server=n -javaagent:/opt/intellij-idea-ultimate-edition/plugins/java/lib/rt/debugger-agent.jar=file:/tmp/capture.props -Dfile.encoding=UTF-8 com.yutak.im.store.YutakStore

Host: 12th Gen Intel(R) Core(TM) i5-12600K, 16 cores, 30G, Manjaro Linux
Time: Fri Jun 14 19:02:40 2024 CST elapsed time: 168.130536 seconds (0d 0h 2m 48s)

---------------  T H R E A D  ---------------

Current thread (0x00007f98e0018020):  JavaThread "main" [_thread_in_native, id=4367, stack(0x00007f98e6f00000,0x00007f98e7000000)]

Stack: [0x00007f98e6f00000,0x00007f98e7000000],  sp=0x00007f98e6ffe6c8,  free space=1017k
Native frames: (J=compiled Java code, j=interpreted, Vv=VM code, C=native code)
C  0x00007f98e0000730
j  org.rocksdb.RocksDB.put(JJ[BII[BIIJ)V+0
j  org.rocksdb.RocksDB.put(Lorg/rocksdb/ColumnFamilyHandle;Lorg/rocksdb/WriteOptions;[B[B)V+22
j  com.yutak.im.store.YutakStore.putKV(I[B[B)V+24
j  com.yutak.im.store.YutakStore.main([Ljava/lang/String;)V+20
v  ~StubRoutines::call_stub
V  [libjvm.so+0x526792]
V  [libjvm.so+0xa95f45]
V  [libjvm.so+0x56f15a]
C  [libjli.so+0x51fc]
C  [libjli.so+0x537d]
C  [libc.so.6+0x92ded]

Java frames: (J=compiled Java code, j=interpreted, Vv=VM code)
j  org.rocksdb.RocksDB.put(JJ[BII[BIIJ)V+0
j  org.rocksdb.RocksDB.put(Lorg/rocksdb/ColumnFamilyHandle;Lorg/rocksdb/WriteOptions;[B[B)V+22
j  com.yutak.im.store.YutakStore.putKV(I[B[B)V+24
j  com.yutak.im.store.YutakStore.main([Ljava/lang/String;)V+20
v  ~StubRoutines::call_stub

siginfo: si_signo: 11 (SIGSEGV), si_code: 2 (SEGV_ACCERR), si_addr: 0x00007f98e0000730

Registers:
RAX=0x00007f98e00006f0, RBX=0x00007f98e00182d0, RCX=0x00007f9814005430, RDX=0x00007f98e04c2c40
RSP=0x00007f98e6ffe6c8, RBP=0x00007f98e6ffe760, RSI=0x00007f98e0172b40, RDI=0x00007f98e6ffe6e0
R8 =0x00007f98e6ffe6f8, R9 =0x00007f98e6ffe718, R10=0x00007f98e0018020, R11=0x0000000000000000
R12=0x00007f98e0172b40, R13=0x00007f98e04c2c40, R14=0x00007f98e6ffe6e0, R15=0x00007f98e6ffe710
RIP=0x00007f98e0000730, EFLAGS=0x0000000000010202, CSGSFS=0x002b000000000033, ERR=0x0000000000000015
  TRAPNO=0x000000000000000e


Register to memory mapping:

RAX=0x00007f98e00006f0 points into unknown readable memory: 0x00007f98e0547270 | 70 72 54 e0 98 7f 00 00
RBX=0x00007f98e00182d0 points into unknown readable memory: 0x00007f98e7e24460 | 60 44 e2 e7 98 7f 00 00
RCX=0x00007f9814005430 points into unknown readable memory: 0x00007f9fed811f45 | 45 1f 81 ed 9f 7f 00 00
RDX=0x00007f98e04c2c40 points into unknown readable memory: 0x0000000000000000 | 00 00 00 00 00 00 00 00
RSP=0x00007f98e6ffe6c8 is pointing into the stack for thread: 0x00007f98e0018020
RBP=0x00007f98e6ffe760 is pointing into the stack for thread: 0x00007f98e0018020
RSI=0x00007f98e0172b40 points into unknown readable memory: 0x00007f98e00006f0 | f0 06 00 e0 98 7f 00 00
RDI=0x00007f98e6ffe6e0 is pointing into the stack for thread: 0x00007f98e0018020
R8 =0x00007f98e6ffe6f8 is pointing into the stack for thread: 0x00007f98e0018020
R9 =0x00007f98e6ffe718 is pointing into the stack for thread: 0x00007f98e0018020
R10=0x00007f98e0018020 is a thread
R11=0x0 is NULL
R12=0x00007f98e0172b40 points into unknown readable memory: 0x00007f98e00006f0 | f0 06 00 e0 98 7f 00 00
R13=0x00007f98e04c2c40 points into unknown readable memory: 0x0000000000000000 | 00 00 00 00 00 00 00 00
R14=0x00007f98e6ffe6e0 is pointing into the stack for thread: 0x00007f98e0018020
R15=0x00007f98e6ffe710 is pointing into the stack for thread: 0x00007f98e0018020


Top of Stack: (sp=0x00007f98e6ffe6c8)
0x00007f98e6ffe6c8:   00007f985a31c750 00007f98e0017d10
0x00007f98e6ffe6d8:   00007f98e6ffe870 00007f98e0018020
0x00007f98e6ffe6e8:   00007f98e0017d10 00007f98e05ba3b0
0x00007f98e6ffe6f8:   00007f98e05ba3b0 0000000000000005
0x00007f98e6ffe708:   00007f98e752323c 00007f98e05ba410
0x00007f98e6ffe718:   00007f98e05ba410 000000000000000e
0x00007f98e6ffe728:   00007f98e77ce601 00007f985b47ddf8
0x00007f98e6ffe738:   00007f985b47ddf8 0000000000000000
0x00007f98e6ffe748:   00007f985b47ddf0 00007f98e6ffe890
0x00007f98e6ffe758:   00007f98e0018020 00007f98e6ffe818
0x00007f98e6ffe768:   00007f98d066f9c7 00007f9800000005
0x00007f98e6ffe778:   00007f98e6ffe858 00007f9800000000
0x00007f98e6ffe788:   00007f980000000e 00007f9814005430
0x00007f98e6ffe798:   00007f985b47ddf0 00007f98e6ffe890
0x00007f98e6ffe7a8:   00007f98e0018020 00007f98e6ffe818
0x00007f98e6ffe7b8:   00007f98d066f450 00007f98d0667b10
0x00007f98e6ffe7c8:   00007f98d066f416 00007f98e6ffe7d0
0x00007f98e6ffe7d8:   00007f985b47ddf0 00007f98e6ffe890
0x00007f98e6ffe7e8:   00007f985b4898a8 0000000000000000
0x00007f98e6ffe7f8:   000000062f70e710 00007f985b47ddf8
0x00007f98e6ffe808:   0000000000000000 00007f98e6ffe838
0x00007f98e6ffe818:   00007f98e6ffe8e0 00007f98d06689dc
0x00007f98e6ffe828:   000000062f70e710 00007f98d066c018
0x00007f98e6ffe838:   00007f9814005430 0000000000000000
0x00007f98e6ffe848:   000000000000000e 0000000000000000
0x00007f98e6ffe858:   000000062f3fe0e0 0000000000000005
0x00007f98e6ffe868:   0000000000000000 000000062f3fe090
0x00007f98e6ffe878:   00007f98e04c2c40 0000000000000000
0x00007f98e6ffe888:   00007f98e0172b40 0000000000000000
0x00007f98e6ffe898:   00007f98e6ffe898 00007f985b474a36
0x00007f98e6ffe8a8:   00007f98e6ffe910 00007f985b4898a8
0x00007f98e6ffe8b8:   0000000000000000 000000062f70e710 

Instructions: (pc=0x00007f98e0000730)
0x00007f98e0000630:   a0 ce 50 e0 98 7f 00 00 a0 ce 50 e0 98 7f 00 00
0x00007f98e0000640:   30 06 00 e0 98 7f 00 00 30 06 00 e0 98 7f 00 00
0x00007f98e0000650:   40 06 00 e0 98 7f 00 00 40 06 00 e0 98 7f 00 00
0x00007f98e0000660:   50 06 00 e0 98 7f 00 00 50 06 00 e0 98 7f 00 00
0x00007f98e0000670:   60 06 00 e0 98 7f 00 00 60 06 00 e0 98 7f 00 00
0x00007f98e0000680:   70 06 00 e0 98 7f 00 00 70 06 00 e0 98 7f 00 00
0x00007f98e0000690:   80 06 00 e0 98 7f 00 00 80 06 00 e0 98 7f 00 00
0x00007f98e00006a0:   50 32 4e e0 98 7f 00 00 d0 5b 51 e0 98 7f 00 00
0x00007f98e00006b0:   a0 da 50 e0 98 7f 00 00 c0 68 51 e0 98 7f 00 00
0x00007f98e00006c0:   b0 06 00 e0 98 7f 00 00 b0 06 00 e0 98 7f 00 00
0x00007f98e00006d0:   c0 06 00 e0 98 7f 00 00 c0 06 00 e0 98 7f 00 00
0x00007f98e00006e0:   f0 7b 51 e0 98 7f 00 00 b0 31 5b e0 98 7f 00 00
0x00007f98e00006f0:   70 72 54 e0 98 7f 00 00 70 72 54 e0 98 7f 00 00
0x00007f98e0000700:   30 2b 17 e0 98 7f 00 00 30 2b 17 e0 98 7f 00 00
0x00007f98e0000710:   10 78 52 e0 98 7f 00 00 10 78 52 e0 98 7f 00 00
0x00007f98e0000720:   10 07 00 e0 98 7f 00 00 10 07 00 e0 98 7f 00 00
0x00007f98e0000730:   c0 0c 4d e0 98 7f 00 00 c0 0c 4d e0 98 7f 00 00
0x00007f98e0000740:   30 07 00 e0 98 7f 00 00 30 07 00 e0 98 7f 00 00
0x00007f98e0000750:   40 07 00 e0 98 7f 00 00 40 07 00 e0 98 7f 00 00
0x00007f98e0000760:   50 07 00 e0 98 7f 00 00 50 07 00 e0 98 7f 00 00
0x00007f98e0000770:   60 07 00 e0 98 7f 00 00 60 07 00 e0 98 7f 00 00
0x00007f98e0000780:   40 e0 4c e0 98 7f 00 00 a0 06 51 e0 98 7f 00 00
0x00007f98e0000790:   80 33 54 e0 98 7f 00 00 80 33 54 e0 98 7f 00 00
0x00007f98e00007a0:   90 07 00 e0 98 7f 00 00 90 07 00 e0 98 7f 00 00
0x00007f98e00007b0:   a0 07 00 e0 98 7f 00 00 a0 07 00 e0 98 7f 00 00
0x00007f98e00007c0:   30 7e 4d e0 98 7f 00 00 f0 9d 52 e0 98 7f 00 00
0x00007f98e00007d0:   c0 07 00 e0 98 7f 00 00 c0 07 00 e0 98 7f 00 00
0x00007f98e00007e0:   20 39 4c e0 98 7f 00 00 20 39 4c e0 98 7f 00 00
0x00007f98e00007f0:   e0 07 00 e0 98 7f 00 00 e0 07 00 e0 98 7f 00 00
0x00007f98e0000800:   f0 07 00 e0 98 7f 00 00 f0 07 00 e0 98 7f 00 00
0x00007f98e0000810:   90 14 3b e0 98 7f 00 00 90 14 3b e0 98 7f 00 00
0x00007f98e0000820:   10 08 00 e0 98 7f 00 00 10 08 00 e0 98 7f 00 00 


Stack slot to memory mapping:
stack at sp + 0 slots: 0x00007f985a31c750: Java_org_rocksdb_RocksDB_put__JJ_3BII_3BIIJ+0x00000000000000f0 in /tmp/librocksdbjni7202255754354548464.so at 0x00007f985a000000
stack at sp + 1 slots: 0x00007f98e0017d10 points into unknown readable memory: 0x0000001e00000001 | 01 00 00 00 1e 00 00 00
stack at sp + 2 slots: 0x00007f98e6ffe870 is pointing into the stack for thread: 0x00007f98e0018020
stack at sp + 3 slots: 0x00007f98e0018020 is a thread
stack at sp + 4 slots: 0x00007f98e0017d10 points into unknown readable memory: 0x0000001e00000001 | 01 00 00 00 1e 00 00 00
stack at sp + 5 slots: 0x00007f98e05ba3b0 points into unknown readable memory: 0x0000006f6168696e | 6e 69 68 61 6f 00 00 00
stack at sp + 6 slots: 0x00007f98e05ba3b0 points into unknown readable memory: 0x0000006f6168696e | 6e 69 68 61 6f 00 00 00
stack at sp + 7 slots: 0x0000000000000005 is an unknown value


---------------  P R O C E S S  ---------------

Threads class SMR info:
_java_thread_list=0x00007f9828004e60, length=14, elements={
0x00007f98e0018020, 0x00007f98e0155680, 0x00007f98e0156a80, 0x00007f98e015b010,
0x00007f98e015c3e0, 0x00007f98e015d810, 0x00007f98e015f260, 0x00007f98e01607b0,
0x00007f98e0161c40, 0x00007f98e0175790, 0x00007f98e01b9cf0, 0x00007f98e01bd6f0,
0x00007f981c001120, 0x00007f98e01d2d60
}

Java Threads: ( => current thread )
=>0x00007f98e0018020 JavaThread "main" [_thread_in_native, id=4367, stack(0x00007f98e6f00000,0x00007f98e7000000)]
  0x00007f98e0155680 JavaThread "Reference Handler" daemon [_thread_blocked, id=4377, stack(0x00007f98b50b6000,0x00007f98b51b6000)]
  0x00007f98e0156a80 JavaThread "Finalizer" daemon [_thread_blocked, id=4378, stack(0x00007f98b4fb5000,0x00007f98b50b5000)]
  0x00007f98e015b010 JavaThread "Signal Dispatcher" daemon [_thread_blocked, id=4379, stack(0x00007f98b4eb4000,0x00007f98b4fb4000)]
  0x00007f98e015c3e0 JavaThread "Service Thread" daemon [_thread_blocked, id=4380, stack(0x00007f98b4db3000,0x00007f98b4eb3000)]
  0x00007f98e015d810 JavaThread "Monitor Deflation Thread" daemon [_thread_blocked, id=4381, stack(0x00007f98b4cb2000,0x00007f98b4db2000)]
  0x00007f98e015f260 JavaThread "C2 CompilerThread0" daemon [_thread_blocked, id=4382, stack(0x00007f98b4bb1000,0x00007f98b4cb1000)]
  0x00007f98e01607b0 JavaThread "C1 CompilerThread0" daemon [_thread_blocked, id=4383, stack(0x00007f98b4ab0000,0x00007f98b4bb0000)]
  0x00007f98e0161c40 JavaThread "Sweeper thread" daemon [_thread_blocked, id=4384, stack(0x00007f98b49af000,0x00007f98b4aaf000)]
  0x00007f98e0175790 JavaThread "Common-Cleaner" daemon [_thread_blocked, id=4385, stack(0x00007f98b48ae000,0x00007f98b49ae000)]
  0x00007f98e01b9cf0 JavaThread "JDWP Transport Listener: dt_socket" daemon [_thread_blocked, id=4389, stack(0x00007f98b44aa000,0x00007f98b45aa000)]
  0x00007f98e01bd6f0 JavaThread "JDWP Event Helper Thread" daemon [_thread_blocked, id=4390, stack(0x00007f98b43a9000,0x00007f98b44a9000)]
  0x00007f981c001120 JavaThread "JDWP Command Reader" daemon [_thread_in_native, id=4393, stack(0x00007f98b42a8000,0x00007f98b43a8000)]
  0x00007f98e01d2d60 JavaThread "Notification Thread" daemon [_thread_blocked, id=4398, stack(0x00007f98b41a7000,0x00007f98b42a7000)]

Other Threads:
  0x00007f98e01515b0 VMThread "VM Thread" [stack: 0x00007f98b51b7000,0x00007f98b52b7000] [id=4376]
  0x00007f98e01d44e0 WatcherThread [stack: 0x00007f98b40a6000,0x00007f98b41a6000] [id=4399]
  0x00007f98e00484a0 GCTaskThread "GC Thread#0" [stack: 0x00007f98e48d4000,0x00007f98e49d4000] [id=4369]
  0x00007f98e0059260 ConcurrentGCThread "G1 Main Marker" [stack: 0x00007f98e47d3000,0x00007f98e48d3000] [id=4370]
  0x00007f98e005a1e0 ConcurrentGCThread "G1 Conc#0" [stack: 0x00007f98e46d2000,0x00007f98e47d2000] [id=4371]
  0x00007f98e01232c0 ConcurrentGCThread "G1 Refine#0" [stack: 0x00007f98b548a000,0x00007f98b558a000] [id=4374]
  0x00007f98e01241d0 ConcurrentGCThread "G1 Service" [stack: 0x00007f98b5389000,0x00007f98b5489000] [id=4375]

Threads with active compile tasks:

VM state: not at safepoint (normal execution)

VM Mutex/Monitor currently owned by a thread: None

Heap address: 0x0000000611000000, size: 7920 MB, Compressed Oops mode: Zero based, Oop shift amount: 3

CDS archive(s) mapped at: [0x00007f985f000000-0x00007f985fbc6000-0x00007f985fbc6000), size 12345344, SharedBaseAddress: 0x00007f985f000000, ArchiveRelocationMode: 1.
Compressed class space mapped at: 0x00007f9860000000-0x00007f98a0000000, reserved size: 1073741824
Narrow klass base: 0x00007f985f000000, Narrow klass shift: 0, Narrow klass range: 0x100000000

GC Precious Log:
 CPUs: 16 total, 16 available
 Memory: 31679M
 Large Page Support: Disabled
 NUMA Support: Disabled
 Compressed Oops: Enabled (Zero based)
 Heap Region Size: 4M
 Heap Min Capacity: 8M
 Heap Initial Capacity: 496M
 Heap Max Capacity: 7920M
 Pre-touch: Disabled
 Parallel Workers: 13
 Concurrent Workers: 3
 Concurrent Refinement Workers: 13
 Periodic GC: Disabled

Heap:
 garbage-first heap   total 516096K, used 16304K [0x0000000611000000, 0x0000000800000000)
  region size 4096K, 5 young (20480K), 0 survivors (0K)
 Metaspace       used 4010K, committed 4160K, reserved 1114112K
  class space    used 369K, committed 448K, reserved 1048576K

Heap Regions: E=young(eden), S=young(survivor), O=old, HS=humongous(starts), HC=humongous(continues), CS=collection set, F=free, OA=open archive, CA=closed archive, TAMS=top-at-mark-start (previous, next)
|   0|0x0000000611000000, 0x0000000611000000, 0x0000000611400000|  0%| F|  |TAMS 0x0000000611000000, 0x0000000611000000| Untracked 
|   1|0x0000000611400000, 0x0000000611400000, 0x0000000611800000|  0%| F|  |TAMS 0x0000000611400000, 0x0000000611400000| Untracked 
|   2|0x0000000611800000, 0x0000000611800000, 0x0000000611c00000|  0%| F|  |TAMS 0x0000000611800000, 0x0000000611800000| Untracked 
|   3|0x0000000611c00000, 0x0000000611c00000, 0x0000000612000000|  0%| F|  |TAMS 0x0000000611c00000, 0x0000000611c00000| Untracked 
|   4|0x0000000612000000, 0x0000000612000000, 0x0000000612400000|  0%| F|  |TAMS 0x0000000612000000, 0x0000000612000000| Untracked 
|   5|0x0000000612400000, 0x0000000612400000, 0x0000000612800000|  0%| F|  |TAMS 0x0000000612400000, 0x0000000612400000| Untracked 
|   6|0x0000000612800000, 0x0000000612800000, 0x0000000612c00000|  0%| F|  |TAMS 0x0000000612800000, 0x0000000612800000| Untracked 
|   7|0x0000000612c00000, 0x0000000612c00000, 0x0000000613000000|  0%| F|  |TAMS 0x0000000612c00000, 0x0000000612c00000| Untracked 
|   8|0x0000000613000000, 0x0000000613000000, 0x0000000613400000|  0%| F|  |TAMS 0x0000000613000000, 0x0000000613000000| Untracked 
|   9|0x0000000613400000, 0x0000000613400000, 0x0000000613800000|  0%| F|  |TAMS 0x0000000613400000, 0x0000000613400000| Untracked 
|  10|0x0000000613800000, 0x0000000613800000, 0x0000000613c00000|  0%| F|  |TAMS 0x0000000613800000, 0x0000000613800000| Untracked 
|  11|0x0000000613c00000, 0x0000000613c00000, 0x0000000614000000|  0%| F|  |TAMS 0x0000000613c00000, 0x0000000613c00000| Untracked 
|  12|0x0000000614000000, 0x0000000614000000, 0x0000000614400000|  0%| F|  |TAMS 0x0000000614000000, 0x0000000614000000| Untracked 
|  13|0x0000000614400000, 0x0000000614400000, 0x0000000614800000|  0%| F|  |TAMS 0x0000000614400000, 0x0000000614400000| Untracked 
|  14|0x0000000614800000, 0x0000000614800000, 0x0000000614c00000|  0%| F|  |TAMS 0x0000000614800000, 0x0000000614800000| Untracked 
|  15|0x0000000614c00000, 0x0000000614c00000, 0x0000000615000000|  0%| F|  |TAMS 0x0000000614c00000, 0x0000000614c00000| Untracked 
|  16|0x0000000615000000, 0x0000000615000000, 0x0000000615400000|  0%| F|  |TAMS 0x0000000615000000, 0x0000000615000000| Untracked 
|  17|0x0000000615400000, 0x0000000615400000, 0x0000000615800000|  0%| F|  |TAMS 0x0000000615400000, 0x0000000615400000| Untracked 
|  18|0x0000000615800000, 0x0000000615800000, 0x0000000615c00000|  0%| F|  |TAMS 0x0000000615800000, 0x0000000615800000| Untracked 
|  19|0x0000000615c00000, 0x0000000615c00000, 0x0000000616000000|  0%| F|  |TAMS 0x0000000615c00000, 0x0000000615c00000| Untracked 
|  20|0x0000000616000000, 0x0000000616000000, 0x0000000616400000|  0%| F|  |TAMS 0x0000000616000000, 0x0000000616000000| Untracked 
|  21|0x0000000616400000, 0x0000000616400000, 0x0000000616800000|  0%| F|  |TAMS 0x0000000616400000, 0x0000000616400000| Untracked 
|  22|0x0000000616800000, 0x0000000616800000, 0x0000000616c00000|  0%| F|  |TAMS 0x0000000616800000, 0x0000000616800000| Untracked 
|  23|0x0000000616c00000, 0x0000000616c00000, 0x0000000617000000|  0%| F|  |TAMS 0x0000000616c00000, 0x0000000616c00000| Untracked 
|  24|0x0000000617000000, 0x0000000617000000, 0x0000000617400000|  0%| F|  |TAMS 0x0000000617000000, 0x0000000617000000| Untracked 
|  25|0x0000000617400000, 0x0000000617400000, 0x0000000617800000|  0%| F|  |TAMS 0x0000000617400000, 0x0000000617400000| Untracked 
|  26|0x0000000617800000, 0x0000000617800000, 0x0000000617c00000|  0%| F|  |TAMS 0x0000000617800000, 0x0000000617800000| Untracked 
|  27|0x0000000617c00000, 0x0000000617c00000, 0x0000000618000000|  0%| F|  |TAMS 0x0000000617c00000, 0x0000000617c00000| Untracked 
|  28|0x0000000618000000, 0x0000000618000000, 0x0000000618400000|  0%| F|  |TAMS 0x0000000618000000, 0x0000000618000000| Untracked 
|  29|0x0000000618400000, 0x0000000618400000, 0x0000000618800000|  0%| F|  |TAMS 0x0000000618400000, 0x0000000618400000| Untracked 
|  30|0x0000000618800000, 0x0000000618800000, 0x0000000618c00000|  0%| F|  |TAMS 0x0000000618800000, 0x0000000618800000| Untracked 
|  31|0x0000000618c00000, 0x0000000618c00000, 0x0000000619000000|  0%| F|  |TAMS 0x0000000618c00000, 0x0000000618c00000| Untracked 
|  32|0x0000000619000000, 0x0000000619000000, 0x0000000619400000|  0%| F|  |TAMS 0x0000000619000000, 0x0000000619000000| Untracked 
|  33|0x0000000619400000, 0x0000000619400000, 0x0000000619800000|  0%| F|  |TAMS 0x0000000619400000, 0x0000000619400000| Untracked 
|  34|0x0000000619800000, 0x0000000619800000, 0x0000000619c00000|  0%| F|  |TAMS 0x0000000619800000, 0x0000000619800000| Untracked 
|  35|0x0000000619c00000, 0x0000000619c00000, 0x000000061a000000|  0%| F|  |TAMS 0x0000000619c00000, 0x0000000619c00000| Untracked 
|  36|0x000000061a000000, 0x000000061a000000, 0x000000061a400000|  0%| F|  |TAMS 0x000000061a000000, 0x000000061a000000| Untracked 
|  37|0x000000061a400000, 0x000000061a400000, 0x000000061a800000|  0%| F|  |TAMS 0x000000061a400000, 0x000000061a400000| Untracked 
|  38|0x000000061a800000, 0x000000061a800000, 0x000000061ac00000|  0%| F|  |TAMS 0x000000061a800000, 0x000000061a800000| Untracked 
|  39|0x000000061ac00000, 0x000000061ac00000, 0x000000061b000000|  0%| F|  |TAMS 0x000000061ac00000, 0x000000061ac00000| Untracked 
|  40|0x000000061b000000, 0x000000061b000000, 0x000000061b400000|  0%| F|  |TAMS 0x000000061b000000, 0x000000061b000000| Untracked 
|  41|0x000000061b400000, 0x000000061b400000, 0x000000061b800000|  0%| F|  |TAMS 0x000000061b400000, 0x000000061b400000| Untracked 
|  42|0x000000061b800000, 0x000000061b800000, 0x000000061bc00000|  0%| F|  |TAMS 0x000000061b800000, 0x000000061b800000| Untracked 
|  43|0x000000061bc00000, 0x000000061bc00000, 0x000000061c000000|  0%| F|  |TAMS 0x000000061bc00000, 0x000000061bc00000| Untracked 
|  44|0x000000061c000000, 0x000000061c000000, 0x000000061c400000|  0%| F|  |TAMS 0x000000061c000000, 0x000000061c000000| Untracked 
|  45|0x000000061c400000, 0x000000061c400000, 0x000000061c800000|  0%| F|  |TAMS 0x000000061c400000, 0x000000061c400000| Untracked 
|  46|0x000000061c800000, 0x000000061c800000, 0x000000061cc00000|  0%| F|  |TAMS 0x000000061c800000, 0x000000061c800000| Untracked 
|  47|0x000000061cc00000, 0x000000061cc00000, 0x000000061d000000|  0%| F|  |TAMS 0x000000061cc00000, 0x000000061cc00000| Untracked 
|  48|0x000000061d000000, 0x000000061d000000, 0x000000061d400000|  0%| F|  |TAMS 0x000000061d000000, 0x000000061d000000| Untracked 
|  49|0x000000061d400000, 0x000000061d400000, 0x000000061d800000|  0%| F|  |TAMS 0x000000061d400000, 0x000000061d400000| Untracked 
|  50|0x000000061d800000, 0x000000061d800000, 0x000000061dc00000|  0%| F|  |TAMS 0x000000061d800000, 0x000000061d800000| Untracked 
|  51|0x000000061dc00000, 0x000000061dc00000, 0x000000061e000000|  0%| F|  |TAMS 0x000000061dc00000, 0x000000061dc00000| Untracked 
|  52|0x000000061e000000, 0x000000061e000000, 0x000000061e400000|  0%| F|  |TAMS 0x000000061e000000, 0x000000061e000000| Untracked 
|  53|0x000000061e400000, 0x000000061e400000, 0x000000061e800000|  0%| F|  |TAMS 0x000000061e400000, 0x000000061e400000| Untracked 
|  54|0x000000061e800000, 0x000000061e800000, 0x000000061ec00000|  0%| F|  |TAMS 0x000000061e800000, 0x000000061e800000| Untracked 
|  55|0x000000061ec00000, 0x000000061ec00000, 0x000000061f000000|  0%| F|  |TAMS 0x000000061ec00000, 0x000000061ec00000| Untracked 
|  56|0x000000061f000000, 0x000000061f000000, 0x000000061f400000|  0%| F|  |TAMS 0x000000061f000000, 0x000000061f000000| Untracked 
|  57|0x000000061f400000, 0x000000061f400000, 0x000000061f800000|  0%| F|  |TAMS 0x000000061f400000, 0x000000061f400000| Untracked 
|  58|0x000000061f800000, 0x000000061f800000, 0x000000061fc00000|  0%| F|  |TAMS 0x000000061f800000, 0x000000061f800000| Untracked 
|  59|0x000000061fc00000, 0x000000061fc00000, 0x0000000620000000|  0%| F|  |TAMS 0x000000061fc00000, 0x000000061fc00000| Untracked 
|  60|0x0000000620000000, 0x0000000620000000, 0x0000000620400000|  0%| F|  |TAMS 0x0000000620000000, 0x0000000620000000| Untracked 
|  61|0x0000000620400000, 0x0000000620400000, 0x0000000620800000|  0%| F|  |TAMS 0x0000000620400000, 0x0000000620400000| Untracked 
|  62|0x0000000620800000, 0x0000000620800000, 0x0000000620c00000|  0%| F|  |TAMS 0x0000000620800000, 0x0000000620800000| Untracked 
|  63|0x0000000620c00000, 0x0000000620c00000, 0x0000000621000000|  0%| F|  |TAMS 0x0000000620c00000, 0x0000000620c00000| Untracked 
|  64|0x0000000621000000, 0x0000000621000000, 0x0000000621400000|  0%| F|  |TAMS 0x0000000621000000, 0x0000000621000000| Untracked 
|  65|0x0000000621400000, 0x0000000621400000, 0x0000000621800000|  0%| F|  |TAMS 0x0000000621400000, 0x0000000621400000| Untracked 
|  66|0x0000000621800000, 0x0000000621800000, 0x0000000621c00000|  0%| F|  |TAMS 0x0000000621800000, 0x0000000621800000| Untracked 
|  67|0x0000000621c00000, 0x0000000621c00000, 0x0000000622000000|  0%| F|  |TAMS 0x0000000621c00000, 0x0000000621c00000| Untracked 
|  68|0x0000000622000000, 0x0000000622000000, 0x0000000622400000|  0%| F|  |TAMS 0x0000000622000000, 0x0000000622000000| Untracked 
|  69|0x0000000622400000, 0x0000000622400000, 0x0000000622800000|  0%| F|  |TAMS 0x0000000622400000, 0x0000000622400000| Untracked 
|  70|0x0000000622800000, 0x0000000622800000, 0x0000000622c00000|  0%| F|  |TAMS 0x0000000622800000, 0x0000000622800000| Untracked 
|  71|0x0000000622c00000, 0x0000000622c00000, 0x0000000623000000|  0%| F|  |TAMS 0x0000000622c00000, 0x0000000622c00000| Untracked 
|  72|0x0000000623000000, 0x0000000623000000, 0x0000000623400000|  0%| F|  |TAMS 0x0000000623000000, 0x0000000623000000| Untracked 
|  73|0x0000000623400000, 0x0000000623400000, 0x0000000623800000|  0%| F|  |TAMS 0x0000000623400000, 0x0000000623400000| Untracked 
|  74|0x0000000623800000, 0x0000000623800000, 0x0000000623c00000|  0%| F|  |TAMS 0x0000000623800000, 0x0000000623800000| Untracked 
|  75|0x0000000623c00000, 0x0000000623c00000, 0x0000000624000000|  0%| F|  |TAMS 0x0000000623c00000, 0x0000000623c00000| Untracked 
|  76|0x0000000624000000, 0x0000000624000000, 0x0000000624400000|  0%| F|  |TAMS 0x0000000624000000, 0x0000000624000000| Untracked 
|  77|0x0000000624400000, 0x0000000624400000, 0x0000000624800000|  0%| F|  |TAMS 0x0000000624400000, 0x0000000624400000| Untracked 
|  78|0x0000000624800000, 0x0000000624800000, 0x0000000624c00000|  0%| F|  |TAMS 0x0000000624800000, 0x0000000624800000| Untracked 
|  79|0x0000000624c00000, 0x0000000624c00000, 0x0000000625000000|  0%| F|  |TAMS 0x0000000624c00000, 0x0000000624c00000| Untracked 
|  80|0x0000000625000000, 0x0000000625000000, 0x0000000625400000|  0%| F|  |TAMS 0x0000000625000000, 0x0000000625000000| Untracked 
|  81|0x0000000625400000, 0x0000000625400000, 0x0000000625800000|  0%| F|  |TAMS 0x0000000625400000, 0x0000000625400000| Untracked 
|  82|0x0000000625800000, 0x0000000625800000, 0x0000000625c00000|  0%| F|  |TAMS 0x0000000625800000, 0x0000000625800000| Untracked 
|  83|0x0000000625c00000, 0x0000000625c00000, 0x0000000626000000|  0%| F|  |TAMS 0x0000000625c00000, 0x0000000625c00000| Untracked 
|  84|0x0000000626000000, 0x0000000626000000, 0x0000000626400000|  0%| F|  |TAMS 0x0000000626000000, 0x0000000626000000| Untracked 
|  85|0x0000000626400000, 0x0000000626400000, 0x0000000626800000|  0%| F|  |TAMS 0x0000000626400000, 0x0000000626400000| Untracked 
|  86|0x0000000626800000, 0x0000000626800000, 0x0000000626c00000|  0%| F|  |TAMS 0x0000000626800000, 0x0000000626800000| Untracked 
|  87|0x0000000626c00000, 0x0000000626c00000, 0x0000000627000000|  0%| F|  |TAMS 0x0000000626c00000, 0x0000000626c00000| Untracked 
|  88|0x0000000627000000, 0x0000000627000000, 0x0000000627400000|  0%| F|  |TAMS 0x0000000627000000, 0x0000000627000000| Untracked 
|  89|0x0000000627400000, 0x0000000627400000, 0x0000000627800000|  0%| F|  |TAMS 0x0000000627400000, 0x0000000627400000| Untracked 
|  90|0x0000000627800000, 0x0000000627800000, 0x0000000627c00000|  0%| F|  |TAMS 0x0000000627800000, 0x0000000627800000| Untracked 
|  91|0x0000000627c00000, 0x0000000627c00000, 0x0000000628000000|  0%| F|  |TAMS 0x0000000627c00000, 0x0000000627c00000| Untracked 
|  92|0x0000000628000000, 0x0000000628000000, 0x0000000628400000|  0%| F|  |TAMS 0x0000000628000000, 0x0000000628000000| Untracked 
|  93|0x0000000628400000, 0x0000000628400000, 0x0000000628800000|  0%| F|  |TAMS 0x0000000628400000, 0x0000000628400000| Untracked 
|  94|0x0000000628800000, 0x0000000628800000, 0x0000000628c00000|  0%| F|  |TAMS 0x0000000628800000, 0x0000000628800000| Untracked 
|  95|0x0000000628c00000, 0x0000000628c00000, 0x0000000629000000|  0%| F|  |TAMS 0x0000000628c00000, 0x0000000628c00000| Untracked 
|  96|0x0000000629000000, 0x0000000629000000, 0x0000000629400000|  0%| F|  |TAMS 0x0000000629000000, 0x0000000629000000| Untracked 
|  97|0x0000000629400000, 0x0000000629400000, 0x0000000629800000|  0%| F|  |TAMS 0x0000000629400000, 0x0000000629400000| Untracked 
|  98|0x0000000629800000, 0x0000000629800000, 0x0000000629c00000|  0%| F|  |TAMS 0x0000000629800000, 0x0000000629800000| Untracked 
|  99|0x0000000629c00000, 0x0000000629c00000, 0x000000062a000000|  0%| F|  |TAMS 0x0000000629c00000, 0x0000000629c00000| Untracked 
| 100|0x000000062a000000, 0x000000062a000000, 0x000000062a400000|  0%| F|  |TAMS 0x000000062a000000, 0x000000062a000000| Untracked 
| 101|0x000000062a400000, 0x000000062a400000, 0x000000062a800000|  0%| F|  |TAMS 0x000000062a400000, 0x000000062a400000| Untracked 
| 102|0x000000062a800000, 0x000000062a800000, 0x000000062ac00000|  0%| F|  |TAMS 0x000000062a800000, 0x000000062a800000| Untracked 
| 103|0x000000062ac00000, 0x000000062ac00000, 0x000000062b000000|  0%| F|  |TAMS 0x000000062ac00000, 0x000000062ac00000| Untracked 
| 104|0x000000062b000000, 0x000000062b000000, 0x000000062b400000|  0%| F|  |TAMS 0x000000062b000000, 0x000000062b000000| Untracked 
| 105|0x000000062b400000, 0x000000062b400000, 0x000000062b800000|  0%| F|  |TAMS 0x000000062b400000, 0x000000062b400000| Untracked 
| 106|0x000000062b800000, 0x000000062b800000, 0x000000062bc00000|  0%| F|  |TAMS 0x000000062b800000, 0x000000062b800000| Untracked 
| 107|0x000000062bc00000, 0x000000062bc00000, 0x000000062c000000|  0%| F|  |TAMS 0x000000062bc00000, 0x000000062bc00000| Untracked 
| 108|0x000000062c000000, 0x000000062c000000, 0x000000062c400000|  0%| F|  |TAMS 0x000000062c000000, 0x000000062c000000| Untracked 
| 109|0x000000062c400000, 0x000000062c400000, 0x000000062c800000|  0%| F|  |TAMS 0x000000062c400000, 0x000000062c400000| Untracked 
| 110|0x000000062c800000, 0x000000062c800000, 0x000000062cc00000|  0%| F|  |TAMS 0x000000062c800000, 0x000000062c800000| Untracked 
| 111|0x000000062cc00000, 0x000000062cc00000, 0x000000062d000000|  0%| F|  |TAMS 0x000000062cc00000, 0x000000062cc00000| Untracked 
| 112|0x000000062d000000, 0x000000062d000000, 0x000000062d400000|  0%| F|  |TAMS 0x000000062d000000, 0x000000062d000000| Untracked 
| 113|0x000000062d400000, 0x000000062d400000, 0x000000062d800000|  0%| F|  |TAMS 0x000000062d400000, 0x000000062d400000| Untracked 
| 114|0x000000062d800000, 0x000000062d800000, 0x000000062dc00000|  0%| F|  |TAMS 0x000000062d800000, 0x000000062d800000| Untracked 
| 115|0x000000062dc00000, 0x000000062dc00000, 0x000000062e000000|  0%| F|  |TAMS 0x000000062dc00000, 0x000000062dc00000| Untracked 
| 116|0x000000062e000000, 0x000000062e000000, 0x000000062e400000|  0%| F|  |TAMS 0x000000062e000000, 0x000000062e000000| Untracked 
| 117|0x000000062e400000, 0x000000062e400000, 0x000000062e800000|  0%| F|  |TAMS 0x000000062e400000, 0x000000062e400000| Untracked 
| 118|0x000000062e800000, 0x000000062e800000, 0x000000062ec00000|  0%| F|  |TAMS 0x000000062e800000, 0x000000062e800000| Untracked 
| 119|0x000000062ec00000, 0x000000062ec0ffc0, 0x000000062f000000|  1%| E|  |TAMS 0x000000062ec00000, 0x000000062ec00000| Complete 
| 120|0x000000062f000000, 0x000000062f400000, 0x000000062f400000|100%| E|  |TAMS 0x000000062f000000, 0x000000062f000000| Complete 
| 121|0x000000062f400000, 0x000000062f800000, 0x000000062f800000|100%| E|CS|TAMS 0x000000062f400000, 0x000000062f400000| Complete 
| 122|0x000000062f800000, 0x000000062fc00000, 0x000000062fc00000|100%| E|CS|TAMS 0x000000062f800000, 0x000000062f800000| Complete 
| 123|0x000000062fc00000, 0x0000000630000000, 0x0000000630000000|100%| E|CS|TAMS 0x000000062fc00000, 0x000000062fc00000| Complete 
|1978|0x00000007ff800000, 0x00000007ffb75000, 0x00000007ffc00000| 86%|OA|  |TAMS 0x00000007ff800000, 0x00000007ff800000| Untracked 
|1979|0x00000007ffc00000, 0x00000007ffc77000, 0x0000000800000000| 11%|CA|  |TAMS 0x00000007ffc00000, 0x00000007ffc00000| Untracked 

Card table byte_map: [0x00007f98c8288000,0x00007f98c9200000] _byte_map_base: 0x00007f98c5200000

Marking Bits (Prev, Next): (CMBitMap*) 0x00007f98e0048f40, (CMBitMap*) 0x00007f98e0048f80
 Prev Bits: [0x00007f98bf750000, 0x00007f98c7310000)
 Next Bits: [0x00007f98b7b90000, 0x00007f98bf750000)

Polling page: 0x00007f98e82a6000

Metaspace:

Usage:
  Non-class:      3.56 MB used.
      Class:    369.43 KB used.
       Both:      3.92 MB used.

Virtual space:
  Non-class space:       64.00 MB reserved,       3.62 MB (  6%) committed,  1 nodes.
      Class space:        1.00 GB reserved,     448.00 KB ( <1%) committed,  1 nodes.
             Both:        1.06 GB reserved,       4.06 MB ( <1%) committed. 

Chunk freelists:
   Non-Class:  10.95 MB
       Class:  15.61 MB
        Both:  26.56 MB

MaxMetaspaceSize: unlimited
CompressedClassSpaceSize: 1.00 GB
Initial GC threshold: 21.00 MB
Current GC threshold: 21.00 MB
CDS: on
MetaspaceReclaimPolicy: balanced
 - commit_granule_bytes: 65536.
 - commit_granule_words: 8192.
 - virtual_space_node_default_size: 8388608.
 - enlarge_chunks_in_place: 1.
 - new_chunks_are_fully_committed: 0.
 - uncommit_free_chunks: 1.
 - use_allocation_guard: 0.
 - handle_deallocations: 1.


Internal statistics:

num_allocs_failed_limit: 0.
num_arena_births: 64.
num_arena_deaths: 0.
num_vsnodes_births: 2.
num_vsnodes_deaths: 0.
num_space_committed: 65.
num_space_uncommitted: 0.
num_chunks_returned_to_freelist: 0.
num_chunks_taken_from_freelist: 115.
num_chunk_merges: 0.
num_chunk_splits: 87.
num_chunks_enlarged: 62.
num_inconsistent_stats: 0.

CodeHeap 'non-profiled nmethods': size=119168Kb used=226Kb max_used=226Kb free=118942Kb
 bounds [0x00007f98d0da0000, 0x00007f98d1010000, 0x00007f98d8200000]
CodeHeap 'profiled nmethods': size=119164Kb used=1184Kb max_used=1184Kb free=117980Kb
 bounds [0x00007f98c9200000, 0x00007f98c9470000, 0x00007f98d065f000]
CodeHeap 'non-nmethods': size=7428Kb used=1238Kb max_used=2299Kb free=6189Kb
 bounds [0x00007f98d065f000, 0x00007f98d08cf000, 0x00007f98d0da0000]
 total_blobs=1169 nmethods=683 adapters=400
 compilation: enabled
              stopped_count=0, restarted_count=0
 full_count=0

Compilation events (20 events):
Event: 2.042 Thread 0x00007f9834075e20  647       3       java.lang.ClassLoader::getClassLoadingLock (35 bytes)
Event: 2.042 Thread 0x00007f9834075e20 nmethod 647 0x00007f98c9322c90 code [0x00007f98c9322e60, 0x00007f98c9323180]
Event: 2.042 Thread 0x00007f9834075e20  648       3       java.lang.ClassLoader::findLoadedClass (15 bytes)
Event: 2.042 Thread 0x00007f9834075e20 nmethod 648 0x00007f98c9323310 code [0x00007f98c93234e0, 0x00007f98c93236d0]
Event: 2.042 Thread 0x00007f9834075e20  650       3       jdk.internal.loader.BuiltinClassLoader::findLoadedModule (33 bytes)
Event: 2.043 Thread 0x00007f98e01607b0 nmethod 646 0x00007f98c9323790 code [0x00007f98c9323ac0, 0x00007f98c9325010]
Event: 2.043 Thread 0x00007f98e01607b0  651       3       jdk.internal.loader.BuiltinClassLoader::loadClassOrNull (7 bytes)
Event: 2.043 Thread 0x00007f9834075e20 nmethod 650 0x00007f98c9325990 code [0x00007f98c9325bc0, 0x00007f98c9326230]
Event: 2.043 Thread 0x00007f9834075e20  652       3       java.util.ArrayList$Itr::hasNext (20 bytes)
Event: 2.043 Thread 0x00007f98e01607b0 nmethod 651 0x00007f98c9326490 code [0x00007f98c9326640, 0x00007f98c9326820]
Event: 2.043 Thread 0x00007f9834075e20 nmethod 652 0x00007f98c9326910 code [0x00007f98c9326aa0, 0x00007f98c9326c10]
Event: 2.043 Thread 0x00007f98e015f260 nmethod 642 0x00007f98d0dd2990 code [0x00007f98d0dd2b20, 0x00007f98d0dd2f38]
Event: 2.074 Thread 0x00007f98e01607b0  653       3       java.lang.invoke.LambdaForm::uncustomize (57 bytes)
Event: 2.074 Thread 0x00007f9834075e20  654       1       java.lang.invoke.MethodTypeForm::basicType (5 bytes)
Event: 2.074 Thread 0x00007f9834075e20 nmethod 654 0x00007f98d0dd3110 code [0x00007f98d0dd32a0, 0x00007f98d0dd3370]
Event: 2.075 Thread 0x00007f98e01607b0 nmethod 653 0x00007f98c9326d10 code [0x00007f98c9326ee0, 0x00007f98c9327200]
Event: 4.047 Thread 0x00007f983017f860  667       4       java.lang.invoke.MethodType::parameterType (7 bytes)
Event: 4.047 Thread 0x00007f98e01607b0  668       3       java.lang.invoke.MemberName$Factory::resolveOrFail (79 bytes)
Event: 4.047 Thread 0x00007f98e01607b0 nmethod 668 0x00007f98c9327310 code [0x00007f98c9327540, 0x00007f98c9327cd0]
Event: 4.048 Thread 0x00007f983017f860 nmethod 667 0x00007f98d0dd5810 code [0x00007f98d0dd59a0, 0x00007f98d0dd5a58]

GC Heap History (0 events):
No events

Dll operation events (13 events):
Event: 0.001 Loaded shared library /usr/lib/jvm/java-17-openjdk/lib/libjava.so
Event: 0.001 Loaded shared library /usr/lib/jvm/java-17-openjdk/lib/libzip.so
Event: 0.010 Loaded shared library /usr/lib/jvm/java-17-openjdk/lib/libjsvml.so
Event: 0.065 Loaded shared library /usr/lib/jvm/java-17-openjdk/lib/libinstrument.so
Event: 0.072 Loaded shared library /usr/lib/jvm/java-17-openjdk/lib/libnio.so
Event: 0.073 Loaded shared library /usr/lib/jvm/java-17-openjdk/lib/libzip.so
Event: 0.096 Loaded shared library /usr/lib/jvm/java-17-openjdk/lib/libjimage.so
Event: 0.112 Loaded shared library /usr/lib/jvm/java-17-openjdk/lib/libnet.so
Event: 4.028 Loaded shared library /usr/lib/libsnappy.so.1.1.10
Event: 4.028 Loaded shared library /usr/lib/libz.so.1.3.1
Event: 4.028 Loaded shared library /usr/lib/liblz4.so.1.9.4
Event: 4.029 Loaded shared library /usr/lib/libzstd.so.1.5.6
Event: 4.200 Loaded shared library /tmp/librocksdbjni7202255754354548464.so

Deoptimization events (20 events):
Event: 0.075 Thread 0x00007f98e0018020 DEOPT PACKING pc=0x00007f98d0dacf5c sp=0x00007f98e6ffa1f0
Event: 0.075 Thread 0x00007f98e0018020 DEOPT UNPACKING pc=0x00007f98d06b5699 sp=0x00007f98e6ffa1b0 mode 2
Event: 0.099 Thread 0x00007f98e0018020 Uncommon trap: trap_request=0xffffff45 fr.pc=0x00007f98d0db2d20 relative=0x0000000000000180
Event: 0.099 Thread 0x00007f98e0018020 Uncommon trap: reason=unstable_if action=reinterpret pc=0x00007f98d0db2d20 method=java.util.zip.ZipFile$Source.isMetaName([BII)Z @ 57 c2
Event: 0.099 Thread 0x00007f98e0018020 DEOPT PACKING pc=0x00007f98d0db2d20 sp=0x00007f98e6ffd660
Event: 0.099 Thread 0x00007f98e0018020 DEOPT UNPACKING pc=0x00007f98d06b5699 sp=0x00007f98e6ffd628 mode 2
Event: 0.112 Thread 0x00007f98e0018020 Uncommon trap: trap_request=0xffffff6e fr.pc=0x00007f98d0dba68c relative=0x00000000000003ec
Event: 0.112 Thread 0x00007f98e0018020 Uncommon trap: reason=loop_limit_check action=maybe_recompile pc=0x00007f98d0dba68c method=java.lang.StringLatin1.indexOf([BI[BII)I @ 37 c2
Event: 0.112 Thread 0x00007f98e0018020 DEOPT PACKING pc=0x00007f98d0dba68c sp=0x00007f98e6ffba60
Event: 0.112 Thread 0x00007f98e0018020 DEOPT UNPACKING pc=0x00007f98d06b5699 sp=0x00007f98e6ffb9e0 mode 2
Event: 0.113 Thread 0x00007f98e0018020 DEOPT PACKING pc=0x00007f98c9248a55 sp=0x00007f98e6ffcc70
Event: 0.113 Thread 0x00007f98e0018020 DEOPT UNPACKING pc=0x00007f98d06b5e2f sp=0x00007f98e6ffc130 mode 0
Event: 0.116 Thread 0x00007f98e0018020 Uncommon trap: trap_request=0xffffff6e fr.pc=0x00007f98d0db7bec relative=0x000000000000014c
Event: 0.116 Thread 0x00007f98e0018020 Uncommon trap: reason=loop_limit_check action=maybe_recompile pc=0x00007f98d0db7bec method=java.lang.StringLatin1.lastIndexOf([BII)I @ 19 c2
Event: 0.116 Thread 0x00007f98e0018020 DEOPT PACKING pc=0x00007f98d0db7bec sp=0x00007f98e6ffd0c0
Event: 0.116 Thread 0x00007f98e0018020 DEOPT UNPACKING pc=0x00007f98d06b5699 sp=0x00007f98e6ffd070 mode 2
Event: 0.117 Thread 0x00007f98e0018020 DEOPT PACKING pc=0x00007f98c922cbea sp=0x00007f98e6ffce40
Event: 0.117 Thread 0x00007f98e0018020 DEOPT UNPACKING pc=0x00007f98d06b5e2f sp=0x00007f98e6ffc280 mode 0
Event: 2.022 Thread 0x00007f98e0018020 DEOPT PACKING pc=0x00007f98c9201e5b sp=0x00007f98e6ffcb80
Event: 2.022 Thread 0x00007f98e0018020 DEOPT UNPACKING pc=0x00007f98d06b5e2f sp=0x00007f98e6ffc018 mode 0

Classes unloaded (0 events):
No events

Classes redefined (0 events):
No events

Internal exceptions (14 events):
Event: 0.065 Thread 0x00007f98e0018020 Implicit null exception at 0x00007f98d0daabd5 to 0x00007f98d0daad38
Event: 0.117 Thread 0x00007f98e0018020 Exception <a 'java/lang/ClassNotFoundException'{0x000000062f402d28}: javax/smartcardio/CardPermission> (0x000000062f402d28) 
thrown [/usr/src/debug/java17-openjdk/jdk17u-jdk-17.0.11-9/src/hotspot/share/classfile/systemDictionary.cpp, line 256]
Event: 0.169 Thread 0x00007f98e0018020 Exception <a 'java/lang/ClassNotFoundException'{0x000000062f4131f8}: com/intellij/rt/debugger/BatchEvaluatorServer> (0x000000062f4131f8) 
thrown [/usr/src/debug/java17-openjdk/jdk17u-jdk-17.0.11-9/src/hotspot/share/classfile/systemDictionary.cpp, line 256]
Event: 2.016 Thread 0x00007f98e0018020 Exception <a 'java/io/FileNotFoundException'{0x000000062f414918}> (0x000000062f414918) 
thrown [/usr/src/debug/java17-openjdk/jdk17u-jdk-17.0.11-9/src/hotspot/share/prims/jni.cpp, line 516]
Event: 2.029 Thread 0x00007f98e0018020 Exception <a 'java/lang/NoSuchMethodError'{0x000000062f4d47a8}: 'java.lang.Object java.lang.invoke.DirectMethodHandle$Holder.invokeSpecial(java.lang.Object, java.lang.Object, java.lang.Object, long, java.lang.Object)'> (0x000000062f4d47a8) 
thrown [/usr/src/debug/java17-openjdk/jdk17u-jdk-17.0.11-9/src/hotspot/share/interpreter/linkResolver.cpp, line 758]
Event: 2.029 Thread 0x00007f98e0018020 Exception <a 'java/lang/NoSuchMethodError'{0x000000062f4d83b0}: 'java.lang.Object java.lang.invoke.Invokers$Holder.linkToTargetMethod(java.lang.Object, long, java.lang.Object, java.lang.Object)'> (0x000000062f4d83b0) 
thrown [/usr/src/debug/java17-openjdk/jdk17u-jdk-17.0.11-9/src/hotspot/share/interpreter/linkResolver.cpp, line 758]
Event: 4.033 Thread 0x00007f98e0018020 Exception <a 'java/lang/NoSuchMethodError'{0x000000062f764180}: 'java.lang.Object java.lang.invoke.DirectMethodHandle$Holder.invokeStaticInit(java.lang.Object)'> (0x000000062f764180) 
thrown [/usr/src/debug/java17-openjdk/jdk17u-jdk-17.0.11-9/src/hotspot/share/interpreter/linkResolver.cpp, line 758]
Event: 4.034 Thread 0x00007f98e0018020 Exception <a 'java/lang/NoSuchMethodError'{0x000000062f773cb8}: 'java.lang.Object java.lang.invoke.DirectMethodHandle$Holder.invokeStatic(java.lang.Object, java.lang.Object, long, java.lang.Object)'> (0x000000062f773cb8) 
thrown [/usr/src/debug/java17-openjdk/jdk17u-jdk-17.0.11-9/src/hotspot/share/interpreter/linkResolver.cpp, line 758]
Event: 4.035 Thread 0x00007f98e0018020 Exception <a 'java/lang/NoSuchMethodError'{0x000000062f777750}: 'java.lang.Object java.lang.invoke.DirectMethodHandle$Holder.invokeStaticInit(java.lang.Object, java.lang.Object, long, java.lang.Object)'> (0x000000062f777750) 
thrown [/usr/src/debug/java17-openjdk/jdk17u-jdk-17.0.11-9/src/hotspot/share/interpreter/linkResolver.cpp, line 758]
Event: 4.036 Thread 0x00007f98e0018020 Exception <a 'java/lang/NoSuchMethodError'{0x000000062f77ddb8}: 'java.lang.Object java.lang.invoke.DirectMethodHandle$Holder.newInvokeSpecial(java.lang.Object, java.lang.Object, long)'> (0x000000062f77ddb8) 
thrown [/usr/src/debug/java17-openjdk/jdk17u-jdk-17.0.11-9/src/hotspot/share/interpreter/linkResolver.cpp, line 758]
Event: 4.037 Thread 0x00007f98e0018020 Exception <a 'java/lang/NoSuchMethodError'{0x000000062f781928}: 'java.lang.Object java.lang.invoke.Invokers$Holder.linkToTargetMethod(java.lang.Object, long, java.lang.Object)'> (0x000000062f781928) 
thrown [/usr/src/debug/java17-openjdk/jdk17u-jdk-17.0.11-9/src/hotspot/share/interpreter/linkResolver.cpp, line 758]
Event: 4.038 Thread 0x00007f98e0018020 Exception <a 'java/lang/NoSuchMethodError'{0x000000062f78e5a8}: 'java.lang.Object java.lang.invoke.DirectMethodHandle$Holder.newInvokeSpecial(java.lang.Object, java.lang.Object, java.lang.Object, int)'> (0x000000062f78e5a8) 
thrown [/usr/src/debug/java17-openjdk/jdk17u-jdk-17.0.11-9/src/hotspot/share/interpreter/linkResolver.cpp, line 758]
Event: 4.039 Thread 0x00007f98e0018020 Exception <a 'java/lang/NoSuchMethodError'{0x000000062f792988}: 'java.lang.Object java.lang.invoke.DirectMethodHandle$Holder.invokeSpecial(java.lang.Object, java.lang.Object, java.lang.Object, java.lang.Object, int)'> (0x000000062f792988) 
thrown [/usr/src/debug/java17-openjdk/jdk17u-jdk-17.0.11-9/src/hotspot/share/interpreter/linkResolver.cpp, line 758]
Event: 4.039 Thread 0x00007f98e0018020 Exception <a 'java/lang/NoSuchMethodError'{0x000000062f796550}: 'java.lang.Object java.lang.invoke.Invokers$Holder.linkToTargetMethod(java.lang.Object, java.lang.Object, int, java.lang.Object)'> (0x000000062f796550) 
thrown [/usr/src/debug/java17-openjdk/jdk17u-jdk-17.0.11-9/src/hotspot/share/interpreter/linkResolver.cpp, line 758]

VM Operations (20 events):
Event: 167.647 Executing VM operation: get/set locals
Event: 167.647 Executing VM operation: get/set locals done
Event: 167.647 Executing VM operation: get/set locals
Event: 167.647 Executing VM operation: get/set locals done
Event: 167.648 Executing VM operation: get/set locals
Event: 167.648 Executing VM operation: get/set locals done
Event: 167.648 Executing VM operation: get/set locals
Event: 167.648 Executing VM operation: get/set locals done
Event: 167.648 Executing VM operation: get/set locals
Event: 167.648 Executing VM operation: get/set locals done
Event: 167.648 Executing VM operation: get/set locals
Event: 167.648 Executing VM operation: get/set locals done
Event: 167.648 Executing VM operation: get/set locals
Event: 167.648 Executing VM operation: get/set locals done
Event: 167.648 Executing VM operation: get/set locals
Event: 167.648 Executing VM operation: get/set locals done
Event: 167.648 Executing VM operation: get/set locals
Event: 167.648 Executing VM operation: get/set locals done
Event: 167.648 Executing VM operation: get/set locals
Event: 167.648 Executing VM operation: get/set locals done

Events (20 events):
Event: 168.123 loading class ch/qos/logback/classic/spi/LoggingEvent
Event: 168.123 loading class ch/qos/logback/classic/spi/LoggingEvent done
Event: 168.124 loading class ch/qos/logback/classic/spi/IThrowableProxy
Event: 168.124 loading class ch/qos/logback/classic/spi/IThrowableProxy done
Event: 168.125 loading class ch/qos/logback/classic/spi/EventArgUtil
Event: 168.125 loading class ch/qos/logback/classic/spi/EventArgUtil done
Event: 168.125 loading class org/slf4j/helpers/MessageFormatter
Event: 168.125 loading class org/slf4j/helpers/MessageFormatter done
Event: 168.127 loading class org/slf4j/helpers/NormalizedParameters
Event: 168.127 loading class org/slf4j/helpers/NormalizedParameters done
Event: 168.127 loading class org/slf4j/helpers/FormattingTuple
Event: 168.127 loading class org/slf4j/helpers/FormattingTuple done
Event: 168.128 loading class java/time/ZonedDateTime
Event: 168.128 loading class java/time/chrono/ChronoZonedDateTime
Event: 168.128 loading class java/time/chrono/ChronoZonedDateTime done
Event: 168.128 loading class java/time/ZonedDateTime done
Event: 168.128 loading class java/time/ZonedDateTime$1
Event: 168.128 loading class java/time/ZonedDateTime$1 done
Event: 168.129 loading class ch/qos/logback/core/CoreConstants
Event: 168.129 loading class ch/qos/logback/core/CoreConstants done


Dynamic libraries:
611000000-630000000 rw-p 00000000 00:00 0 
630000000-7ff800000 ---p 00000000 00:00 0 
7ff800000-7ffb00000 rw-p 00000000 00:00 0 
7ffb00000-7ffb75000 rw-p 00c75000 103:02 30153635                        /usr/lib/jvm/java-17-openjdk/lib/server/classes.jsa
7ffb75000-7ffc00000 rw-p 00000000 00:00 0 
7ffc00000-7ffc77000 rw-p 00bfe000 103:02 30153635                        /usr/lib/jvm/java-17-openjdk/lib/server/classes.jsa
7ffc77000-800000000 rw-p 00000000 00:00 0 
55bb70f36000-55bb70f37000 r--p 00000000 103:02 29773478                  /usr/lib/jvm/java-17-openjdk/bin/java
55bb70f37000-55bb70f38000 r-xp 00001000 103:02 29773478                  /usr/lib/jvm/java-17-openjdk/bin/java
55bb70f38000-55bb70f39000 r--p 00002000 103:02 29773478                  /usr/lib/jvm/java-17-openjdk/bin/java
55bb70f39000-55bb70f3a000 r--p 00002000 103:02 29773478                  /usr/lib/jvm/java-17-openjdk/bin/java
55bb70f3a000-55bb70f3b000 rw-p 00003000 103:02 29773478                  /usr/lib/jvm/java-17-openjdk/bin/java
55bb71cdf000-55bb71d27000 rw-p 00000000 00:00 0                          [heap]
7f98047f9000-7f98047fa000 ---p 00000000 00:00 0 
7f98047fa000-7f9804ffa000 rw-p 00000000 00:00 0 
7f9804ffa000-7f9804ffb000 ---p 00000000 00:00 0 
7f9804ffb000-7f98057fb000 rw-p 00000000 00:00 0 
7f98057fb000-7f98057fc000 ---p 00000000 00:00 0 
7f98057fc000-7f9805ffc000 rw-p 00000000 00:00 0 
7f9805ffc000-7f9805ffd000 ---p 00000000 00:00 0 
7f9805ffd000-7f98067fd000 rw-p 00000000 00:00 0 
7f9808000000-7f9808021000 rw-p 00000000 00:00 0 
7f9808021000-7f980c000000 ---p 00000000 00:00 0 
7f980c000000-7f980c021000 rw-p 00000000 00:00 0 
7f980c021000-7f9810000000 ---p 00000000 00:00 0 
7f9814000000-7f9814021000 rw-p 00000000 00:00 0 
7f9814021000-7f9818000000 ---p 00000000 00:00 0 
7f9818000000-7f9818021000 rw-p 00000000 00:00 0 
7f9818021000-7f981c000000 ---p 00000000 00:00 0 
7f981c000000-7f981c03f000 rw-p 00000000 00:00 0 
7f981c03f000-7f9820000000 ---p 00000000 00:00 0 
7f9820000000-7f9820024000 rw-p 00000000 00:00 0 
7f9820024000-7f9824000000 ---p 00000000 00:00 0 
7f9824000000-7f98240a2000 rw-p 00000000 00:00 0 
7f98240a2000-7f9828000000 ---p 00000000 00:00 0 
7f9828000000-7f98280ee000 rw-p 00000000 00:00 0 
7f98280ee000-7f982c000000 ---p 00000000 00:00 0 
7f982c000000-7f982c021000 rw-p 00000000 00:00 0 
7f982c021000-7f9830000000 ---p 00000000 00:00 0 
7f9830000000-7f9830221000 rw-p 00000000 00:00 0 
7f9830221000-7f9834000000 ---p 00000000 00:00 0 
7f9834000000-7f983410f000 rw-p 00000000 00:00 0 
7f983410f000-7f9838000000 ---p 00000000 00:00 0 
7f9838000000-7f9838021000 rw-p 00000000 00:00 0 
7f9838021000-7f983c000000 ---p 00000000 00:00 0 
7f983c000000-7f983c021000 rw-p 00000000 00:00 0 
7f983c021000-7f9840000000 ---p 00000000 00:00 0 
7f9840000000-7f9840174000 rw-p 00000000 00:00 0 
7f9840174000-7f9844000000 ---p 00000000 00:00 0 
7f9844000000-7f9844021000 rw-p 00000000 00:00 0 
7f9844021000-7f9848000000 ---p 00000000 00:00 0 
7f9848000000-7f9848021000 rw-p 00000000 00:00 0 
7f9848021000-7f984c000000 ---p 00000000 00:00 0 
7f984c000000-7f984c021000 rw-p 00000000 00:00 0 
7f984c021000-7f9850000000 ---p 00000000 00:00 0 
7f9850000000-7f9850021000 rw-p 00000000 00:00 0 
7f9850021000-7f9854000000 ---p 00000000 00:00 0 
7f9854000000-7f9854021000 rw-p 00000000 00:00 0 
7f9854021000-7f9858000000 ---p 00000000 00:00 0 
7f9858ffe000-7f9858fff000 ---p 00000000 00:00 0 
7f9858fff000-7f98597ff000 rw-p 00000000 00:00 0 
7f98597ff000-7f9859800000 ---p 00000000 00:00 0 
7f9859800000-7f985a000000 rw-p 00000000 00:00 0 
7f985a000000-7f985abc6000 r-xp 00000000 00:26 91                         /tmp/librocksdbjni7202255754354548464.so
7f985abc6000-7f985adc6000 ---p 00bc6000 00:26 91                         /tmp/librocksdbjni7202255754354548464.so
7f985adc6000-7f985ade9000 r--p 00bc6000 00:26 91                         /tmp/librocksdbjni7202255754354548464.so
7f985ade9000-7f985adf7000 rw-p 00be9000 00:26 91                         /tmp/librocksdbjni7202255754354548464.so
7f985adf7000-7f985ae0f000 rw-p 00000000 00:00 0 
7f985af21000-7f985af2d000 r--p 00000000 103:02 28729911                  /usr/lib/libzstd.so.1.5.6
7f985af2d000-7f985afed000 r-xp 0000c000 103:02 28729911                  /usr/lib/libzstd.so.1.5.6
7f985afed000-7f985affe000 r--p 000cc000 103:02 28729911                  /usr/lib/libzstd.so.1.5.6
7f985affe000-7f985afff000 r--p 000dd000 103:02 28729911                  /usr/lib/libzstd.so.1.5.6
7f985afff000-7f985b000000 rw-p 000de000 103:02 28729911                  /usr/lib/libzstd.so.1.5.6
7f985b000000-7f985b290000 rw-p 00000000 00:00 0 
7f985b290000-7f985b400000 ---p 00000000 00:00 0 
7f985b400000-7f985b510000 rw-p 00000000 00:00 0 
7f985b510000-7f985f000000 ---p 00000000 00:00 0 
7f985f000000-7f985fbc6000 rw-p 00001000 103:02 30153635                  /usr/lib/jvm/java-17-openjdk/lib/server/classes.jsa
7f985fbc6000-7f9860000000 ---p 00000000 00:00 0 
7f9860000000-7f9860030000 rw-p 00000000 00:00 0 
7f9860030000-7f9860040000 ---p 00000000 00:00 0 
7f9860040000-7f9860080000 rw-p 00000000 00:00 0 
7f9860080000-7f98a0000000 ---p 00000000 00:00 0 
7f98a0000000-7f98a0021000 rw-p 00000000 00:00 0 
7f98a0021000-7f98a4000000 ---p 00000000 00:00 0 
7f98a4000000-7f98a4021000 rw-p 00000000 00:00 0 
7f98a4021000-7f98a8000000 ---p 00000000 00:00 0 
7f98a8000000-7f98a8021000 rw-p 00000000 00:00 0 
7f98a8021000-7f98ac000000 ---p 00000000 00:00 0 
7f98ac000000-7f98ac021000 rw-p 00000000 00:00 0 
7f98ac021000-7f98b0000000 ---p 00000000 00:00 0 
7f98b0000000-7f98b0021000 rw-p 00000000 00:00 0 
7f98b0021000-7f98b4000000 ---p 00000000 00:00 0 
7f98b40a5000-7f98b40a6000 ---p 00000000 00:00 0 
7f98b40a6000-7f98b41a6000 rw-p 00000000 00:00 0 
7f98b41a6000-7f98b41a7000 ---p 00000000 00:00 0 
7f98b41a7000-7f98b41ab000 ---p 00000000 00:00 0 
7f98b41ab000-7f98b42a7000 rw-p 00000000 00:00 0 
7f98b42a7000-7f98b42a8000 ---p 00000000 00:00 0 
7f98b42a8000-7f98b42ac000 ---p 00000000 00:00 0 
7f98b42ac000-7f98b43a8000 rw-p 00000000 00:00 0 
7f98b43a8000-7f98b43a9000 ---p 00000000 00:00 0 
7f98b43a9000-7f98b43ad000 ---p 00000000 00:00 0 
7f98b43ad000-7f98b44a9000 rw-p 00000000 00:00 0 
7f98b44a9000-7f98b44aa000 ---p 00000000 00:00 0 
7f98b44aa000-7f98b44ae000 ---p 00000000 00:00 0 
7f98b44ae000-7f98b45aa000 rw-p 00000000 00:00 0 
7f98b48ad000-7f98b48ae000 ---p 00000000 00:00 0 
7f98b48ae000-7f98b48b2000 ---p 00000000 00:00 0 
7f98b48b2000-7f98b49ae000 rw-p 00000000 00:00 0 
7f98b49ae000-7f98b49af000 ---p 00000000 00:00 0 
7f98b49af000-7f98b49b3000 ---p 00000000 00:00 0 
7f98b49b3000-7f98b4aaf000 rw-p 00000000 00:00 0 
7f98b4aaf000-7f98b4ab0000 ---p 00000000 00:00 0 
7f98b4ab0000-7f98b4ab4000 ---p 00000000 00:00 0 
7f98b4ab4000-7f98b4bb0000 rw-p 00000000 00:00 0 
7f98b4bb0000-7f98b4bb1000 ---p 00000000 00:00 0 
7f98b4bb1000-7f98b4bb5000 ---p 00000000 00:00 0 
7f98b4bb5000-7f98b4cb1000 rw-p 00000000 00:00 0 
7f98b4cb1000-7f98b4cb2000 ---p 00000000 00:00 0 
7f98b4cb2000-7f98b4cb6000 ---p 00000000 00:00 0 
7f98b4cb6000-7f98b4db2000 rw-p 00000000 00:00 0 
7f98b4db2000-7f98b4db3000 ---p 00000000 00:00 0 
7f98b4db3000-7f98b4db7000 ---p 00000000 00:00 0 
7f98b4db7000-7f98b4eb3000 rw-p 00000000 00:00 0 
7f98b4eb3000-7f98b4eb4000 ---p 00000000 00:00 0 
7f98b4eb4000-7f98b4eb8000 ---p 00000000 00:00 0 
7f98b4eb8000-7f98b4fb4000 rw-p 00000000 00:00 0 
7f98b4fb4000-7f98b4fb5000 ---p 00000000 00:00 0 
7f98b4fb5000-7f98b4fb9000 ---p 00000000 00:00 0 
7f98b4fb9000-7f98b50b5000 rw-p 00000000 00:00 0 
7f98b50b5000-7f98b50b6000 ---p 00000000 00:00 0 
7f98b50b6000-7f98b50ba000 ---p 00000000 00:00 0 
7f98b50ba000-7f98b51b6000 rw-p 00000000 00:00 0 
7f98b51b6000-7f98b51b7000 ---p 00000000 00:00 0 
7f98b51b7000-7f98b52b7000 rw-p 00000000 00:00 0 
7f98b52b7000-7f98b52bc000 r--p 00000000 103:02 29773783                  /usr/lib/jvm/java-17-openjdk/lib/libjsvml.so
7f98b52bc000-7f98b52fd000 r-xp 00005000 103:02 29773783                  /usr/lib/jvm/java-17-openjdk/lib/libjsvml.so
7f98b52fd000-7f98b5386000 r--p 00046000 103:02 29773783                  /usr/lib/jvm/java-17-openjdk/lib/libjsvml.so
7f98b5386000-7f98b5387000 r--p 000ce000 103:02 29773783                  /usr/lib/jvm/java-17-openjdk/lib/libjsvml.so
7f98b5387000-7f98b5388000 rw-p 000cf000 103:02 29773783                  /usr/lib/jvm/java-17-openjdk/lib/libjsvml.so
7f98b5388000-7f98b5389000 ---p 00000000 00:00 0 
7f98b5389000-7f98b5489000 rw-p 00000000 00:00 0 
7f98b5489000-7f98b548a000 ---p 00000000 00:00 0 
7f98b548a000-7f98b8350000 rw-p 00000000 00:00 0 
7f98b8350000-7f98bf730000 ---p 00000000 00:00 0 
7f98bf730000-7f98bff10000 rw-p 00000000 00:00 0 
7f98bff10000-7f98c72f0000 ---p 00000000 00:00 0 
7f98c72f0000-7f98c7408000 rw-p 00000000 00:00 0 
7f98c7408000-7f98c8284000 ---p 00000000 00:00 0 
7f98c8284000-7f98c8380000 rw-p 00000000 00:00 0 
7f98c8380000-7f98c91fc000 ---p 00000000 00:00 0 
7f98c91fc000-7f98c9200000 rw-p 00000000 00:00 0 
7f98c9200000-7f98c9470000 rwxp 00000000 00:00 0 
7f98c9470000-7f98d065f000 ---p 00000000 00:00 0 
7f98d065f000-7f98d08cf000 rwxp 00000000 00:00 0 
7f98d08cf000-7f98d0da0000 ---p 00000000 00:00 0 
7f98d0da0000-7f98d1010000 rwxp 00000000 00:00 0 
7f98d1010000-7f98d8200000 ---p 00000000 00:00 0 
7f98d8200000-7f98dfe58000 r--s 00000000 103:02 29773803                  /usr/lib/jvm/java-17-openjdk/lib/modules
7f98dfe5b000-7f98dfe5c000 ---p 00000000 00:00 0 
7f98dfe5c000-7f98dfe60000 ---p 00000000 00:00 0 
7f98dfe60000-7f98e0649000 rw-p 00000000 00:00 0 
7f98e0649000-7f98e4000000 ---p 00000000 00:00 0 
7f98e400a000-7f98e400d000 r--p 00000000 103:02 28724369                  /usr/lib/liblz4.so.1.9.4
7f98e400d000-7f98e402a000 r-xp 00003000 103:02 28724369                  /usr/lib/liblz4.so.1.9.4
7f98e402a000-7f98e402d000 r--p 00020000 103:02 28724369                  /usr/lib/liblz4.so.1.9.4
7f98e402d000-7f98e402e000 r--p 00022000 103:02 28724369                  /usr/lib/liblz4.so.1.9.4
7f98e402e000-7f98e402f000 rw-p 00023000 103:02 28724369                  /usr/lib/liblz4.so.1.9.4
7f98e402f000-7f98e46d1000 rw-p 00000000 00:00 0 
7f98e46d1000-7f98e46d2000 ---p 00000000 00:00 0 
7f98e46d2000-7f98e47d2000 rw-p 00000000 00:00 0 
7f98e47d2000-7f98e47d3000 ---p 00000000 00:00 0 
7f98e47d3000-7f98e48d3000 rw-p 00000000 00:00 0 
7f98e48d3000-7f98e48d4000 ---p 00000000 00:00 0 
7f98e48d4000-7f98e4b8a000 rw-p 00000000 00:00 0 
7f98e4b8a000-7f98e5a06000 ---p 00000000 00:00 0 
7f98e5a06000-7f98e671c000 rw-p 00000000 00:00 0 
7f98e671c000-7f98e6800000 ---p 00000000 00:00 0 
7f98e6800000-7f98e6aeb000 r--p 00000000 103:02 28723301                  /usr/lib/locale/locale-archive
7f98e6b06000-7f98e6b07000 r--p 00000000 103:02 28716576                  /usr/lib/libdl.so.2
7f98e6b07000-7f98e6b08000 r-xp 00001000 103:02 28716576                  /usr/lib/libdl.so.2
7f98e6b08000-7f98e6b09000 r--p 00002000 103:02 28716576                  /usr/lib/libdl.so.2
7f98e6b09000-7f98e6b0a000 r--p 00002000 103:02 28716576                  /usr/lib/libdl.so.2
7f98e6b0a000-7f98e6b0b000 rw-p 00003000 103:02 28716576                  /usr/lib/libdl.so.2
7f98e6b0b000-7f98e6b0e000 r--p 00000000 103:02 28743758                  /usr/lib/libsnappy.so.1.1.10
7f98e6b0e000-7f98e6b13000 r-xp 00003000 103:02 28743758                  /usr/lib/libsnappy.so.1.1.10
7f98e6b13000-7f98e6b15000 r--p 00008000 103:02 28743758                  /usr/lib/libsnappy.so.1.1.10
7f98e6b15000-7f98e6b16000 r--p 00009000 103:02 28743758                  /usr/lib/libsnappy.so.1.1.10
7f98e6b16000-7f98e6b17000 rw-p 0000a000 103:02 28743758                  /usr/lib/libsnappy.so.1.1.10
7f98e6b17000-7f98e6b1c000 rw-p 00000000 00:00 0 
7f98e6b1c000-7f98e6c00000 ---p 00000000 00:00 0 
7f98e6c00000-7f98e6c97000 r--p 00000000 103:02 28723304                  /usr/lib/libstdc++.so.6.0.33
7f98e6c97000-7f98e6de3000 r-xp 00097000 103:02 28723304                  /usr/lib/libstdc++.so.6.0.33
7f98e6de3000-7f98e6e73000 r--p 001e3000 103:02 28723304                  /usr/lib/libstdc++.so.6.0.33
7f98e6e73000-7f98e6e80000 r--p 00273000 103:02 28723304                  /usr/lib/libstdc++.so.6.0.33
7f98e6e80000-7f98e6e81000 rw-p 00280000 103:02 28723304                  /usr/lib/libstdc++.so.6.0.33
7f98e6e81000-7f98e6e85000 rw-p 00000000 00:00 0 
7f98e6e88000-7f98e6e89000 r--p 00000000 103:02 28716603                  /usr/lib/librt.so.1
7f98e6e89000-7f98e6e8a000 r-xp 00001000 103:02 28716603                  /usr/lib/librt.so.1
7f98e6e8a000-7f98e6e8b000 r--p 00002000 103:02 28716603                  /usr/lib/librt.so.1
7f98e6e8b000-7f98e6e8c000 r--p 00002000 103:02 28716603                  /usr/lib/librt.so.1
7f98e6e8c000-7f98e6e8d000 rw-p 00003000 103:02 28716603                  /usr/lib/librt.so.1
7f98e6e8d000-7f98e6e91000 r--p 00000000 103:02 29773790                  /usr/lib/jvm/java-17-openjdk/lib/libnet.so
7f98e6e91000-7f98e6e9f000 r-xp 00004000 103:02 29773790                  /usr/lib/jvm/java-17-openjdk/lib/libnet.so
7f98e6e9f000-7f98e6ea2000 r--p 00012000 103:02 29773790                  /usr/lib/jvm/java-17-openjdk/lib/libnet.so
7f98e6ea2000-7f98e6ea3000 r--p 00015000 103:02 29773790                  /usr/lib/jvm/java-17-openjdk/lib/libnet.so
7f98e6ea3000-7f98e6ea4000 rw-p 00016000 103:02 29773790                  /usr/lib/jvm/java-17-openjdk/lib/libnet.so
7f98e6ea4000-7f98e6eab000 r--p 00000000 103:02 29773791                  /usr/lib/jvm/java-17-openjdk/lib/libnio.so
7f98e6eab000-7f98e6eb4000 r-xp 00007000 103:02 29773791                  /usr/lib/jvm/java-17-openjdk/lib/libnio.so
7f98e6eb4000-7f98e6eb9000 r--p 00010000 103:02 29773791                  /usr/lib/jvm/java-17-openjdk/lib/libnio.so
7f98e6eb9000-7f98e6eba000 r--p 00014000 103:02 29773791                  /usr/lib/jvm/java-17-openjdk/lib/libnio.so
7f98e6eba000-7f98e6ebb000 rw-p 00015000 103:02 29773791                  /usr/lib/jvm/java-17-openjdk/lib/libnio.so
7f98e6ebb000-7f98e6ebc000 r--p 00000000 103:02 29773762                  /usr/lib/jvm/java-17-openjdk/lib/libdt_socket.so
7f98e6ebc000-7f98e6ebf000 r-xp 00001000 103:02 29773762                  /usr/lib/jvm/java-17-openjdk/lib/libdt_socket.so
7f98e6ebf000-7f98e6ec0000 r--p 00004000 103:02 29773762                  /usr/lib/jvm/java-17-openjdk/lib/libdt_socket.so
7f98e6ec0000-7f98e6ec1000 r--p 00004000 103:02 29773762                  /usr/lib/jvm/java-17-openjdk/lib/libdt_socket.so
7f98e6ec1000-7f98e6ec2000 rw-p 00005000 103:02 29773762                  /usr/lib/jvm/java-17-openjdk/lib/libdt_socket.so
7f98e6ec2000-7f98e6f00000 rw-p 00000000 00:00 0 
7f98e6f00000-7f98e6f04000 ---p 00000000 00:00 0 
7f98e6f04000-7f98e7000000 rw-p 00000000 00:00 0 
7f98e7000000-7f98e700d000 r--p 00000000 103:02 30153638                  /usr/lib/jvm/java-17-openjdk/lib/server/libjvm.so
7f98e700d000-7f98e7bb4000 r-xp 0000d000 103:02 30153638                  /usr/lib/jvm/java-17-openjdk/lib/server/libjvm.so
7f98e7bb4000-7f98e7d64000 r--p 00bb4000 103:02 30153638                  /usr/lib/jvm/java-17-openjdk/lib/server/libjvm.so
7f98e7d64000-7f98e7e18000 r--p 00d64000 103:02 30153638                  /usr/lib/jvm/java-17-openjdk/lib/server/libjvm.so
7f98e7e18000-7f98e7e48000 rw-p 00e18000 103:02 30153638                  /usr/lib/jvm/java-17-openjdk/lib/server/libjvm.so
7f98e7e48000-7f98e7ea1000 rw-p 00000000 00:00 0 
7f98e7ea1000-7f98e7ea2000 r--p 00000000 103:02 28716598                  /usr/lib/libpthread.so.0
7f98e7ea2000-7f98e7ea3000 r-xp 00001000 103:02 28716598                  /usr/lib/libpthread.so.0
7f98e7ea3000-7f98e7ea4000 r--p 00002000 103:02 28716598                  /usr/lib/libpthread.so.0
7f98e7ea4000-7f98e7ea5000 r--p 00002000 103:02 28716598                  /usr/lib/libpthread.so.0
7f98e7ea5000-7f98e7ea6000 rw-p 00003000 103:02 28716598                  /usr/lib/libpthread.so.0
7f98e7ea6000-7f98e7ead000 r--s 00000000 103:02 28723302                  /usr/lib/gconv/gconv-modules.cache
7f98e7ead000-7f98e7ef0000 rw-p 00000000 00:00 0 
7f98e7ef0000-7f98e7efa000 ---p 00000000 00:00 0 
7f98e7efa000-7f98e7f00000 r--s 000f8000 103:02 12716137                  /opt/intellij-idea-ultimate-edition/plugins/java/lib/rt/debugger-agent.jar
7f98e7f00000-7f98e7f0a000 r--p 00000000 103:02 29773773                  /usr/lib/jvm/java-17-openjdk/lib/libjava.so
7f98e7f0a000-7f98e7f1b000 r-xp 0000a000 103:02 29773773                  /usr/lib/jvm/java-17-openjdk/lib/libjava.so
7f98e7f1b000-7f98e7f20000 r--p 0001b000 103:02 29773773                  /usr/lib/jvm/java-17-openjdk/lib/libjava.so
7f98e7f20000-7f98e7f21000 r--p 00020000 103:02 29773773                  /usr/lib/jvm/java-17-openjdk/lib/libjava.so
7f98e7f21000-7f98e7f22000 rw-p 00021000 103:02 29773773                  /usr/lib/jvm/java-17-openjdk/lib/libjava.so
7f98e7f22000-7f98e7f23000 rw-p 00000000 00:00 0 
7f98e7f23000-7f98e7f25000 r--p 00000000 103:02 29773776                  /usr/lib/jvm/java-17-openjdk/lib/libjdwp.so
7f98e7f25000-7f98e7f57000 r-xp 00002000 103:02 29773776                  /usr/lib/jvm/java-17-openjdk/lib/libjdwp.so
7f98e7f57000-7f98e7f63000 r--p 00034000 103:02 29773776                  /usr/lib/jvm/java-17-openjdk/lib/libjdwp.so
7f98e7f63000-7f98e7f64000 r--p 00040000 103:02 29773776                  /usr/lib/jvm/java-17-openjdk/lib/libjdwp.so
7f98e7f64000-7f98e7f65000 rw-p 00041000 103:02 29773776                  /usr/lib/jvm/java-17-openjdk/lib/libjdwp.so
7f98e7f65000-7f98e7f66000 rw-p 00000000 00:00 0 
7f98e7f66000-7f98e7f6a000 r--p 00000000 103:02 28709785                  /usr/lib/libgcc_s.so.1
7f98e7f6a000-7f98e7f8d000 r-xp 00004000 103:02 28709785                  /usr/lib/libgcc_s.so.1
7f98e7f8d000-7f98e7f91000 r--p 00027000 103:02 28709785                  /usr/lib/libgcc_s.so.1
7f98e7f91000-7f98e7f92000 r--p 0002a000 103:02 28709785                  /usr/lib/libgcc_s.so.1
7f98e7f92000-7f98e7f93000 rw-p 0002b000 103:02 28709785                  /usr/lib/libgcc_s.so.1
7f98e7f93000-7f98e7fa1000 r--p 00000000 103:02 28716581                  /usr/lib/libm.so.6
7f98e7fa1000-7f98e8021000 r-xp 0000e000 103:02 28716581                  /usr/lib/libm.so.6
7f98e8021000-7f98e807c000 r--p 0008e000 103:02 28716581                  /usr/lib/libm.so.6
7f98e807c000-7f98e807d000 r--p 000e9000 103:02 28716581                  /usr/lib/libm.so.6
7f98e807d000-7f98e807e000 rw-p 000ea000 103:02 28716581                  /usr/lib/libm.so.6
7f98e807e000-7f98e8081000 rw-p 00000000 00:00 0 
7f98e8081000-7f98e8084000 r--p 00000000 103:02 28724108                  /usr/lib/libz.so.1.3.1
7f98e8084000-7f98e8092000 r-xp 00003000 103:02 28724108                  /usr/lib/libz.so.1.3.1
7f98e8092000-7f98e8098000 r--p 00011000 103:02 28724108                  /usr/lib/libz.so.1.3.1
7f98e8098000-7f98e8099000 r--p 00017000 103:02 28724108                  /usr/lib/libz.so.1.3.1
7f98e8099000-7f98e809a000 rw-p 00018000 103:02 28724108                  /usr/lib/libz.so.1.3.1
7f98e809a000-7f98e80be000 r--p 00000000 103:02 28716571                  /usr/lib/libc.so.6
7f98e80be000-7f98e822a000 r-xp 00024000 103:02 28716571                  /usr/lib/libc.so.6
7f98e822a000-7f98e8278000 r--p 00190000 103:02 28716571                  /usr/lib/libc.so.6
7f98e8278000-7f98e827c000 r--p 001dd000 103:02 28716571                  /usr/lib/libc.so.6
7f98e827c000-7f98e827e000 rw-p 001e1000 103:02 28716571                  /usr/lib/libc.so.6
7f98e827e000-7f98e8286000 rw-p 00000000 00:00 0 
7f98e8287000-7f98e8289000 r--p 00000000 103:02 29773802                  /usr/lib/jvm/java-17-openjdk/lib/libzip.so
7f98e8289000-7f98e828d000 r-xp 00002000 103:02 29773802                  /usr/lib/jvm/java-17-openjdk/lib/libzip.so
7f98e828d000-7f98e828f000 r--p 00006000 103:02 29773802                  /usr/lib/jvm/java-17-openjdk/lib/libzip.so
7f98e828f000-7f98e8290000 r--p 00007000 103:02 29773802                  /usr/lib/jvm/java-17-openjdk/lib/libzip.so
7f98e8290000-7f98e8291000 rw-p 00008000 103:02 29773802                  /usr/lib/jvm/java-17-openjdk/lib/libzip.so
7f98e8291000-7f98e8299000 rw-s 00000000 00:26 89                         /tmp/hsperfdata_paul/4366
7f98e8299000-7f98e829a000 r--p 00000000 103:02 29773766                  /usr/lib/jvm/java-17-openjdk/lib/libinstrument.so
7f98e829a000-7f98e82a1000 r-xp 00001000 103:02 29773766                  /usr/lib/jvm/java-17-openjdk/lib/libinstrument.so
7f98e82a1000-7f98e82a4000 r--p 00008000 103:02 29773766                  /usr/lib/jvm/java-17-openjdk/lib/libinstrument.so
7f98e82a4000-7f98e82a5000 r--p 0000a000 103:02 29773766                  /usr/lib/jvm/java-17-openjdk/lib/libinstrument.so
7f98e82a5000-7f98e82a6000 rw-p 0000b000 103:02 29773766                  /usr/lib/jvm/java-17-openjdk/lib/libinstrument.so
7f98e82a6000-7f98e82a7000 ---p 00000000 00:00 0 
7f98e82a7000-7f98e82a8000 r--p 00000000 00:00 0 
7f98e82a8000-7f98e82a9000 ---p 00000000 00:00 0 
7f98e82a9000-7f98e82aa000 r--p 00000000 103:02 29773778                  /usr/lib/jvm/java-17-openjdk/lib/libjimage.so
7f98e82aa000-7f98e82ac000 r-xp 00001000 103:02 29773778                  /usr/lib/jvm/java-17-openjdk/lib/libjimage.so
7f98e82ac000-7f98e82ad000 r--p 00003000 103:02 29773778                  /usr/lib/jvm/java-17-openjdk/lib/libjimage.so
7f98e82ad000-7f98e82ae000 r--p 00003000 103:02 29773778                  /usr/lib/jvm/java-17-openjdk/lib/libjimage.so
7f98e82ae000-7f98e82af000 rw-p 00004000 103:02 29773778                  /usr/lib/jvm/java-17-openjdk/lib/libjimage.so
7f98e82af000-7f98e82b1000 r--p 00000000 103:02 29773779                  /usr/lib/jvm/java-17-openjdk/lib/libjli.so
7f98e82b1000-7f98e82ba000 r-xp 00002000 103:02 29773779                  /usr/lib/jvm/java-17-openjdk/lib/libjli.so
7f98e82ba000-7f98e82bd000 r--p 0000b000 103:02 29773779                  /usr/lib/jvm/java-17-openjdk/lib/libjli.so
7f98e82bd000-7f98e82be000 r--p 0000d000 103:02 29773779                  /usr/lib/jvm/java-17-openjdk/lib/libjli.so
7f98e82be000-7f98e82bf000 rw-p 0000e000 103:02 29773779                  /usr/lib/jvm/java-17-openjdk/lib/libjli.so
7f98e82bf000-7f98e82c1000 rw-p 00000000 00:00 0 
7f98e82c1000-7f98e82c2000 r--p 00000000 103:02 28716562                  /usr/lib/ld-linux-x86-64.so.2
7f98e82c2000-7f98e82e9000 r-xp 00001000 103:02 28716562                  /usr/lib/ld-linux-x86-64.so.2
7f98e82e9000-7f98e82f3000 r--p 00028000 103:02 28716562                  /usr/lib/ld-linux-x86-64.so.2
7f98e82f3000-7f98e82f5000 r--p 00032000 103:02 28716562                  /usr/lib/ld-linux-x86-64.so.2
7f98e82f5000-7f98e82f7000 rw-p 00034000 103:02 28716562                  /usr/lib/ld-linux-x86-64.so.2
7ffeae9c9000-7ffeae9eb000 rw-p 00000000 00:00 0                          [stack]
7ffeae9f3000-7ffeae9f7000 r--p 00000000 00:00 0                          [vvar]
7ffeae9f7000-7ffeae9f9000 r-xp 00000000 00:00 0                          [vdso]
ffffffffff600000-ffffffffff601000 --xp 00000000 00:00 0                  [vsyscall]


VM Arguments:
jvm_args: -agentlib:jdwp=transport=dt_socket,address=127.0.0.1:57495,suspend=y,server=n -javaagent:/opt/intellij-idea-ultimate-edition/plugins/java/lib/rt/debugger-agent.jar=file:/tmp/capture.props -Dfile.encoding=UTF-8 
java_command: com.yutak.im.store.YutakStore
java_class_path (initial): /home/paul/pro/yutak/yutak-im/target/classes:/home/paul/pro/yutak/yutak-vertx/target/classes:/usr/local/mvn/io/vertx/vertx-web/4.5.0/vertx-web-4.5.0.jar:/usr/local/mvn/io/vertx/vertx-web-common/4.5.0/vertx-web-common-4.5.0.jar:/usr/local/mvn/io/vertx/vertx-auth-common/4.5.0/vertx-auth-common-4.5.0.jar:/usr/local/mvn/io/vertx/vertx-bridge-common/4.5.0/vertx-bridge-common-4.5.0.jar:/usr/local/mvn/io/vertx/vertx-core/4.5.0/vertx-core-4.5.0.jar:/usr/local/mvn/io/netty/netty-common/4.1.109.Final/netty-common-4.1.109.Final.jar:/usr/local/mvn/io/netty/netty-buffer/4.1.109.Final/netty-buffer-4.1.109.Final.jar:/usr/local/mvn/io/netty/netty-transport/4.1.109.Final/netty-transport-4.1.109.Final.jar:/usr/local/mvn/io/netty/netty-handler/4.1.109.Final/netty-handler-4.1.109.Final.jar:/usr/local/mvn/io/netty/netty-transport-native-unix-common/4.1.109.Final/netty-transport-native-unix-common-4.1.109.Final.jar:/usr/local/mvn/io/netty/netty-codec/4.1.109.Final/netty-codec-4.1.109.Final.jar:/usr/local/mvn/io/netty/netty-handler-proxy/4.1.109.Final/netty-handler-proxy-4.1.109.Final.jar:/usr/local/mvn/io/netty/netty-codec-socks/4.1.109.Final/netty-codec-socks-4.1.109.Final.jar:/usr/local/mvn/io/netty/netty-codec-http/4.1.109.Final/netty-codec-http-4.1.109.Final.jar:/usr/local/mvn/io/netty/netty-codec-http2/4.1.109.Final/netty-codec-http2-4.1.109.Final.jar:/usr/local/mvn/io/netty/netty-resolver/4.1.109.Final/netty-resolver-4.1.109.Final.jar:/usr/local/mvn/io/netty/netty-resolver-dns/4.1.109.Final/netty-resolver-dns-4.1.109.Final.jar:/usr/local/mvn/io/netty/netty-codec-dns/4.1.109.Final/netty-codec-dns-4.1.109.Final.jar:/usr/local/mvn/org/projectlombok/lombok/1.18.32/lombok-1.18.32.jar:/usr/local/mvn/org/slf4j/slf4j-api/2.0.13/slf4j-api-2.0.13.jar:/usr/local/mvn/org/reflections/reflections/0.10.2/reflections-0.10.2.jar:/usr/local/mvn/org/javassist/javassist/3.28.0-GA/javassist-3.28.0-GA.jar:/usr/local/mvn/com/google/code/findbugs/jsr305/3.0.2/jsr305-3.0.2.jar:
Launcher Type: SUN_STANDARD

[Global flags]
     intx CICompilerCount                          = 12                                        {product} {ergonomic}
     uint ConcGCThreads                            = 3                                         {product} {ergonomic}
     uint G1ConcRefinementThreads                  = 13                                        {product} {ergonomic}
   size_t G1HeapRegionSize                         = 4194304                                   {product} {ergonomic}
    uintx GCDrainStackTargetSize                   = 64                                        {product} {ergonomic}
   size_t InitialHeapSize                          = 520093696                                 {product} {ergonomic}
   size_t MarkStackSize                            = 4194304                                   {product} {ergonomic}
   size_t MaxHeapSize                              = 8304721920                                {product} {ergonomic}
   size_t MaxNewSize                               = 4982833152                                {product} {ergonomic}
   size_t MinHeapDeltaBytes                        = 4194304                                   {product} {ergonomic}
   size_t MinHeapSize                              = 8388608                                   {product} {ergonomic}
    uintx NonNMethodCodeHeapSize                   = 7602480                                {pd product} {ergonomic}
    uintx NonProfiledCodeHeapSize                  = 122027880                              {pd product} {ergonomic}
    uintx ProfiledCodeHeapSize                     = 122027880                              {pd product} {ergonomic}
    uintx ReservedCodeCacheSize                    = 251658240                              {pd product} {ergonomic}
     bool SegmentedCodeCache                       = true                                      {product} {ergonomic}
   size_t SoftMaxHeapSize                          = 8304721920                             {manageable} {ergonomic}
     bool UseCompressedClassPointers               = true                           {product lp64_product} {ergonomic}
     bool UseCompressedOops                        = true                           {product lp64_product} {ergonomic}
     bool UseG1GC                                  = true                                      {product} {ergonomic}

Logging:
Log output configuration:
 #0: stdout all=warning uptime,level,tags
 #1: stderr all=off uptime,level,tags

Environment Variables:
PATH=/home/paul/.local/bin:/usr/local/bin:/usr/bin:/usr/local/sbin:/usr/lib/jvm/default/bin:/usr/bin/site_perl:/usr/bin/vendor_perl:/usr/bin/core_perl
USERNAME=paul
SHELL=/bin/zsh
DISPLAY=:0
LANG=en_US.UTF-8

Active Locale:
LC_ALL=en_US.UTF-8
LC_COLLATE=en_US.UTF-8
LC_CTYPE=en_US.UTF-8
LC_MESSAGES=en_US.UTF-8
LC_MONETARY=en_US.UTF-8
LC_NUMERIC=en_US.UTF-8
LC_TIME=en_US.UTF-8

Signal Handlers:
   SIGSEGV: 0x00007f98e7a04880 in libjvm.so+10504320, mask=11100100010111111101111111111110, flags=SA_RESTART|SA_SIGINFO, unblocked
    SIGBUS: 0x00007f98e7a04880 in libjvm.so+10504320, mask=11100100010111111101111111111110, flags=SA_RESTART|SA_SIGINFO, unblocked
    SIGFPE: 0x00007f98e7a04880 in libjvm.so+10504320, mask=11100100010111111101111111111110, flags=SA_RESTART|SA_SIGINFO, unblocked
   SIGPIPE: 0x00007f98e7926d20 in libjvm.so+9596192, mask=11100100010111111101111111111110, flags=SA_RESTART|SA_SIGINFO, blocked
   SIGXFSZ: 0x00007f98e7926d20 in libjvm.so+9596192, mask=11100100010111111101111111111110, flags=SA_RESTART|SA_SIGINFO, blocked
    SIGILL: 0x00007f98e7a04880 in libjvm.so+10504320, mask=11100100010111111101111111111110, flags=SA_RESTART|SA_SIGINFO, unblocked
   SIGUSR2: 0x00007f98e7925e90 in libjvm.so+9592464, mask=00100000000000000000000000000000, flags=SA_RESTART|SA_SIGINFO, blocked
    SIGHUP: 0x00007f98e7925e10 in libjvm.so+9592336, mask=11100100010111111101111111111110, flags=SA_RESTART|SA_SIGINFO, blocked
    SIGINT: 0x00007f98e7925e10 in libjvm.so+9592336, mask=11100100010111111101111111111110, flags=SA_RESTART|SA_SIGINFO, blocked
   SIGTERM: 0x00007f98e7925e10 in libjvm.so+9592336, mask=11100100010111111101111111111110, flags=SA_RESTART|SA_SIGINFO, blocked
   SIGQUIT: 0x00007f98e7925e10 in libjvm.so+9592336, mask=11100100010111111101111111111110, flags=SA_RESTART|SA_SIGINFO, blocked
   SIGTRAP: 0x00007f98e7a04880 in libjvm.so+10504320, mask=11100100010111111101111111111110, flags=SA_RESTART|SA_SIGINFO, unblocked


Periodic native trim disabled


---------------  S Y S T E M  ---------------

OS:
DISTRIB_ID="ManjaroLinux"
DISTRIB_RELEASE="24.0.2"
DISTRIB_CODENAME="Wynsdey"
DISTRIB_DESCRIPTION="Manjaro Linux"
uname: Linux 6.6.32-1-MANJARO #1 SMP PREEMPT_DYNAMIC Mon May 27 03:41:25 UTC 2024 x86_64
OS uptime: 0 days 0:09 hours
libc: glibc 2.39 NPTL 2.39 
rlimit (soft/hard): STACK 8192k/infinity , CORE infinity/infinity , NPROC 126579/126579 , NOFILE 524288/524288 , AS infinity/infinity , CPU infinity/infinity , DATA infinity/infinity , FSIZE infinity/infinity , MEMLOCK 8192k/8192k
load average: 0.66 1.03 0.63

/proc/meminfo:
MemTotal:       32439348 kB
MemFree:        22386000 kB
MemAvailable:   25240980 kB
Buffers:          277524 kB
Cached:          3547756 kB
SwapCached:            0 kB
Active:          7618192 kB
Inactive:        1142440 kB
Active(anon):    5644012 kB
Inactive(anon):        0 kB
Active(file):    1974180 kB
Inactive(file):  1142440 kB
Unevictable:      642216 kB
Mlocked:              64 kB
SwapTotal:             0 kB
SwapFree:              0 kB
Zswap:                 0 kB
Zswapped:              0 kB
Dirty:               104 kB
Writeback:             0 kB
AnonPages:       5439820 kB
Mapped:          1387720 kB
Shmem:            708660 kB
KReclaimable:     206660 kB
Slab:             355004 kB
SReclaimable:     206660 kB
SUnreclaim:       148344 kB
KernelStack:       21632 kB
PageTables:        41620 kB
SecPageTables:         0 kB
NFS_Unstable:          0 kB
Bounce:                0 kB
WritebackTmp:          0 kB
CommitLimit:    16219672 kB
Committed_AS:   13068096 kB
VmallocTotal:   34359738367 kB
VmallocUsed:       76780 kB
VmallocChunk:          0 kB
Percpu:            11200 kB
HardwareCorrupted:     0 kB
AnonHugePages:   2340864 kB
ShmemHugePages:   604160 kB
ShmemPmdMapped:        0 kB
FileHugePages:     34816 kB
FilePmdMapped:      8192 kB
CmaTotal:              0 kB
CmaFree:               0 kB
Unaccepted:            0 kB
HugePages_Total:       0
HugePages_Free:        0
HugePages_Rsvd:        0
HugePages_Surp:        0
Hugepagesize:       2048 kB
Hugetlb:               0 kB
DirectMap4k:      226296 kB
DirectMap2M:     5634048 kB
DirectMap1G:    27262976 kB

/sys/kernel/mm/transparent_hugepage/enabled: [always] madvise never
/sys/kernel/mm/transparent_hugepage/hpage_pmd_size: 2097152
/sys/kernel/mm/transparent_hugepage/defrag (defrag/compaction efforts parameter): always defer defer+madvise [madvise] never

Process Memory:
Virtual Size: 11729456K (peak: 11822696K)
Resident Set Size: 83960K (peak: 83960K) (anon: 55860K, file: 19012K, shmem: 9088K)
Swapped out: 0K
C-Heap outstanding allocations: 34595K, retained: 8484K
glibc malloc tunables: (default)

/proc/sys/kernel/threads-max (system-wide limit on the number of threads): 253158
/proc/sys/vm/max_map_count (maximum number of memory map areas a process may have): 1048576
/proc/sys/kernel/pid_max (system-wide limit on number of process identifiers): 4194304

container (cgroup) information:
container_type: cgroupv2
cpu_cpuset_cpus: not supported
cpu_memory_nodes: not supported
active_processor_count: 16
cpu_quota: not supported
cpu_period: not supported
cpu_shares: not supported
memory_limit_in_bytes: unlimited
memory_and_swap_limit_in_bytes: unlimited
memory_soft_limit_in_bytes: unlimited
memory_usage_in_bytes: 5435596 k
memory_max_usage_in_bytes: not supported
memory_swap_current_in_bytes: unlimited
memory_swap_max_limit_in_bytes: unlimited
maximum number of tasks: 37973
current number of tasks: 191

Steal ticks since vm start: 0
Steal ticks percentage since vm start:  0.000

CPU: total 16 (initial active 16) (8 cores per cpu, 2 threads per core) family 6 model 151 stepping 2 microcode 0x35, cx8, cmov, fxsr, ht, mmx, 3dnowpref, sse, sse2, sse3, ssse3, sse4.1, sse4.2, popcnt, lzcnt, tsc, tscinvbit, avx, avx2, aes, erms, clmul, bmi1, bmi2, adx, sha, fma, vzeroupper, clflush, clflushopt, clwb
CPU Model and flags from /proc/cpuinfo:
model name	: 12th Gen Intel(R) Core(TM) i5-12600K
flags		: fpu vme de pse tsc msr pae mce cx8 apic sep mtrr pge mca cmov pat pse36 clflush dts acpi mmx fxsr sse sse2 ss ht tm pbe syscall nx pdpe1gb rdtscp lm constant_tsc art arch_perfmon pebs bts rep_good nopl xtopology nonstop_tsc cpuid aperfmperf tsc_known_freq pni pclmulqdq dtes64 monitor ds_cpl vmx smx est tm2 ssse3 sdbg fma cx16 xtpr pdcm sse4_1 sse4_2 x2apic movbe popcnt tsc_deadline_timer aes xsave avx f16c rdrand lahf_lm abm 3dnowprefetch cpuid_fault epb ssbd ibrs ibpb stibp ibrs_enhanced tpr_shadow flexpriority ept vpid ept_ad fsgsbase tsc_adjust bmi1 avx2 smep bmi2 erms invpcid rdseed adx smap clflushopt clwb intel_pt sha_ni xsaveopt xsavec xgetbv1 xsaves split_lock_detect user_shstk avx_vnni dtherm ida arat pln pts hwp hwp_notify hwp_act_window hwp_epp hwp_pkg_req hfi vnmi umip pku ospke waitpkg gfni vaes vpclmulqdq tme rdpid movdiri movdir64b fsrm md_clear serialize pconfig arch_lbr ibt flush_l1d arch_capabilities

Online cpus: 0-15
Offline cpus: 
BIOS frequency limitation: <Not Available>
Frequency switch latency (ns): 0
Available cpu frequencies: <Not Available>
Current governor: powersave
Core performance/turbo boost: <Not Available>

Memory: 4k page, physical 32439348k(22386000k free), swap 0k(0k free)
Page Sizes: 4k

vm_info: OpenJDK 64-Bit Server VM (17.0.11+9) for linux-amd64 JRE (17.0.11+9), built on Apr 17 2024 08:42:53 by "builduser" with gcc 13.2.1 20230801

END.
